0 5.295913 3.03125 0 0 0
0.02 5.291989 3.027326 0 0 0
0.04 5.284142 3.019478 0 0 0
0.06 5.272369 3.007706 0 0 0
0.08 5.256673 2.99201 0 0 0
0.09999999 5.237053 2.97239 0 0 0
0.12 5.21351 2.948846 0 0 0
0.14 5.186041 2.921378 0 0 0
0.16 5.154649 2.889986 0 0 0
0.18 5.119333 2.85467 0 0 0
0.2 5.080093 2.81543 0 0 0
0.22 5.03693 2.772266 0 0 0
0.24 4.989841 2.725178 0 0 0
0.26 4.938829 2.674166 0 0 0
0.28 4.883893 2.61923 0 0 0
0.3 4.825034 2.56037 0 0 0
0.32 4.762249 2.497586 0 0 0
0.34 4.695541 2.430878 0 0 0
0.36 4.624909 2.360246 0 0 0
0.38 4.550354 2.28569 0 0 0
0.4 4.471874 2.207211 0 0 0
0.42 4.38947 2.124806 0 0 0
0.44 4.303142 2.038478 0 0 0
0.46 4.21289 1.948226 0 0 0
0.48 4.118714 1.854051 0 0 0
0.5 4.020614 1.75595 0 0 0
0.52 3.91859 1.653926 0 0 0
0.54 3.812642 1.547978 0 0 0
0.56 3.70277 1.438107 0 0 0
0.58 3.588974 1.324311 0 0 0
0.6 3.471254 1.206591 0 0 0
0.62 3.34961 1.084947 0 0 0
0.64 3.224042 0.9593787 0 0 0
0.66 3.09455 0.8298869 0 0 0
0.68 2.961134 0.6964707 0 0 0
0.7 2.823794 0.5591307 0 0 0
0.72 2.68253 0.4178667 0 0 0
0.74 2.537342 0.2726789 0 0 0
0.76 2.38823 0.1235671 0 0 0
0.78 2.235194 -0.02946901 0 0 0
0.8 2.078234 -0.186429 0 0 0
0.82 1.941987 -0.3226764 0 0 0
0.84 1.820379 -0.4442844 0 0 0
0.86 1.709635 -0.5550282 0 0 0
0.88 1.607357 -0.657289 -0.0009152454 5.941114E-09 -6.888974E-08
0.9 1.512409 -0.7521074 359.9923 5.022047E-08 -5.742579E-07
0.92 1.424456 -0.839664 359.9717 1.856729E-07 -2.125934E-06
0.94 1.34364 -0.9196138 359.9267 4.828325E-07 -5.505337E-06
0.96 1.270377 -0.9913113 359.8455 1.025642E-06 -1.160102E-05
0.98 1.205215 -1.053961 359.7157 1.911796E-06 -2.134972E-05
1 1.148736 -1.106729 359.525 3.25562E-06 -3.567912E-05
1.02 1.101485 -1.148818 359.2619 5.189627E-06 -5.545613E-05
1.04 1.063924 -1.179532 358.9166 7.904217E-06 -8.17985E-05
1.06 1.036405 -1.198299 358.4811 1.159044E-05 -0.0001153564
1.08 1.019143 -1.204715 357.95 1.642174E-05 -0.0001561728
1.1 1.012212 -1.198547 357.3208 2.263239E-05 -0.0002044943
1.12 1.015536 -1.179756 356.5937 3.047337E-05 -0.0002603673
1.14 1.028872 -1.150208 355.7719 4.026358E-05 -0.0003240825
1.16 1.051522 -1.110929 354.8615 5.219061E-05 -0.0003948566
1.18 1.082314 -1.061417 353.8706 6.647409E-05 -0.0004721928
1.2 1.119733 -1.003241 352.8094 8.329454E-05 -0.0005554734
1.22 1.162079 -0.9381914 351.6893 0.0001027847 -0.000644004
1.24 1.20763 -0.8681219 350.5217 0.0001250232 -0.0007370604
1.26 1.254764 -0.7948136 349.3181 0.0001500395 -0.0008339278
1.28 1.30205 -0.7198713 348.0894 0.0001778166 -0.0009339339
1.3 1.348289 -0.6446755 346.8449 0.0002083032 -0.001036475
1.32 1.392529 -0.5703599 345.5932 0.0002414207 -0.001141025
1.34 1.434047 -0.4978209 344.3411 0.0002770771 -0.001247147
1.36 1.472319 -0.4277391 343.0941 0.0003151747 -0.001354492
1.38 1.506991 -0.3606091 341.8567 0.000355595 -0.001462727
1.4 1.537841 -0.2967782 340.632 0.0003982722 -0.00157172
1.42 1.564745 -0.2364714 339.4223 0.0004431175 -0.001681305
1.44 1.587654 -0.1798313 338.229 0.0004900818 -0.00179144
1.46 1.606564 -0.1269298 337.0532 0.000539112 -0.001902074
1.48 1.621499 -0.07780647 335.8952 0.0005901778 -0.002013215
1.5 1.632497 -0.03247309 334.7551 0.0006432616 -0.002124896
1.52 1.639598 0.009073019 333.6329 0.0006983583 -0.002237168
1.54 1.642833 0.04682469 332.5281 0.0007554732 -0.002350097
1.56 1.642144 0.081213 331.4245 0.000815595 -0.002465328
1.58 1.637531 0.1122184 330.322 0.0008788546 -0.002583018
1.6 1.628994 0.1398292 329.2205 0.0009453955 -0.002703329
1.62 1.616534 0.1640296 328.1202 0.001015372 -0.002826438
1.64 1.600149 0.1848025 327.021 0.001088949 -0.002952531
1.66 1.57984 0.202136 325.9228 0.001166309 -0.003081811
1.68 1.555607 0.1880612 324.8258 0.001247647 -0.003214494
1.7 1.527451 0.1458347 323.7299 0.001333176 -0.003350808
1.72 1.49537 0.100203 322.635 0.001423126 -0.003491004
1.74 1.459365 0.05116916 321.5413 0.001517749 -0.003635352
1.76 1.419436 -0.001262903 320.4486 0.001617317 -0.003784138
1.78 1.375583 -0.057091 319.3571 0.001722129 -0.00393768
1.8 1.332019 -0.1120746 318.269 0.001832254 -0.004096065
1.82 1.289386 -0.1656091 317.1807 0.001948479 -0.004260249
1.84 1.248337 -0.2170761 316.0879 0.002071743 -0.004431346
1.86 1.20951 -0.265861 314.9866 0.002203148 -0.004610627
1.88 1.173518 -0.3113694 313.8732 0.002343775 -0.004799265
1.9 1.140924 -0.3530393 312.7441 0.002495239 -0.004999099
1.92 1.112236 -0.3903599 311.5962 0.002658902 -0.005211534
1.94 1.087888 -0.4228787 310.4273 0.002836221 -0.005438031
1.96 1.068233 -0.4502153 309.2357 0.003029407 -0.00568098
1.98 1.053539 -0.4720678 308.0206 0.003240232 359.994
2 1.043976 -0.4882207 306.7819 0.003471372 359.9938
2.02 1.039624 -0.4985478 305.5205 0.003724974 359.9935
2.04 1.040464 -0.5030181 304.2381 0.00400336 359.9931
2.06 1.046386 -0.501694 302.9369 0.004309997 359.9928
2.08 1.057121 -0.4948003 301.6198 0.004647796 359.9924
2.1 1.072223 -0.4846282 300.2903 0.00502002 359.992
2.12 1.091107 -0.4823585 298.9521 0.005431324 359.9915
2.14 1.113084 -0.4761949 297.6088 0.005886063 359.991
2.16 1.137409 -0.4668241 296.2642 0.006390238 359.9904
2.18 1.163325 -0.4549553 294.9218 0.006949952 359.9898
2.2 1.190098 -0.4412899 293.585 0.007572549 359.9891
2.22 1.217044 -0.4264894 292.2566 0.008267341 359.9884
2.24 1.24355 -0.4111555 290.9391 0.009045691 359.9876
2.26 1.269085 -0.3958216 289.6346 0.009921626 359.9866
2.28 1.293197 -0.3809476 288.3446 0.01091242 359.9856
2.3 1.315516 -0.36692 287.0705 0.01204032 359.9844
2.32 1.335743 -0.3540597 285.8131 0.01333403 359.9831
2.34 1.353646 -0.3426251 284.5732 0.01483087 359.9815
2.36 1.369044 -0.3328242 283.351 0.01658091 359.9797
2.38 1.381806 -0.3248219 282.1468 0.01865233 359.9776
2.4 1.391834 -0.3187447 280.9604 0.02114107 359.9751
2.42 1.399061 -0.3146913 279.7918 0.02418543 359.972
2.44 1.403446 -0.3127363 278.6408 0.02799253 359.9681
2.46 1.404964 -0.3129349 277.5071 0.03288792 359.9632
2.48 1.403608 -0.3153248 276.3901 0.03941326 359.9566
2.5 1.399388 -0.3199232 275.2897 0.04854238 359.9475
2.52 1.39236 -0.3267045 274.2054 0.0622181 359.9337
2.54 1.382627 -0.3355927 273.1367 0.08495698 359.911
2.56 1.370338 -0.3575234 272.0832 0.1302217 359.8657
2.58 1.355691 -0.3880653 271.0442 0.2642754 359.7316
2.6 1.33893 -0.41994 270 0.000697353 0
2.62 1.320341 -0.4528859 270.9901 179.7118 180.284
2.64 1.300249 -0.4866002 271.9869 179.854 180.1417
2.66 1.279012 -0.5207455 272.9701 179.9008 180.0949
2.68 1.257019 -0.5549541 273.9401 179.9241 180.0716
2.7 1.234676 -0.5888379 274.8969 179.938 180.0576
2.72 1.212405 -0.6219943 275.8407 179.9472 180.0483
2.74 1.190629 -0.6540153 276.7711 179.9538 180.0417
2.76 1.169766 -0.6844993 277.6882 179.9588 180.0367
2.78 1.150221 -0.7130585 278.5916 179.9626 180.0329
2.8 1.132372 -0.7393272 279.481 179.9657 180.0297
2.82 1.116568 -0.7629743 280.3558 179.9682 180.0272
2.84 1.103117 -0.7837069 281.2157 179.9702 180.0251
2.86 1.092281 -0.8012803 282.0599 179.972 180.0233
2.88 1.084269 -0.8155005 282.8881 179.9734 180.0218
2.9 1.079238 -0.826231 283.6997 179.9747 180.0205
2.92 1.077283 -0.833395 284.4942 179.9758 180.0193
2.94 1.078442 -0.8369756 285.2713 179.9768 180.0183
2.96 1.08269 -0.837019 286.0306 179.9777 180.0174
2.98 1.089911 -0.8336625 286.7722 179.9785 180.0166
3 1.099898 -0.8271356 287.4958 179.9791 180.0159
3.02 1.112367 -0.8177462 288.2016 179.9798 180.0153
3.04 1.126967 -0.8058679 288.8899 179.9803 180.0147
3.06 1.143301 -0.7919185 289.5611 179.9808 180.0142
3.08 1.160946 -0.7763433 290.2157 179.9812 180.0137
3.1 1.179471 -0.7595949 290.8543 179.9817 180.0132
3.12 1.198448 -0.7421179 291.4775 179.9821 180.0128
3.14 1.217474 -0.7243364 292.0861 179.9824 180.0124
3.16 1.236171 -0.7066429 292.6807 179.9827 180.0121
3.18 1.2542 -0.6893933 293.2621 179.983 180.0117
3.2 1.27126 -0.6729019 293.8309 179.9833 180.0115
3.22 1.287091 -0.6574416 294.3879 179.9836 180.0112
3.24 1.301474 -0.6432443 294.9336 179.9838 180.0109
3.26 1.314225 -0.6305041 295.4686 179.9841 180.0106
3.28 1.325197 -0.6193776 295.9934 179.9843 180.0104
3.3 1.334274 -0.6099906 296.5084 179.9845 180.0102
3.32 1.341367 -0.6024396 297.0139 179.9847 180.0099
3.34 1.346416 -0.5967946 297.5103 179.9848 180.0098
3.36 1.349382 -0.593102 297.9977 179.985 180.0095
3.38 1.350246 -0.5913868 298.4762 179.9852 180.0094
3.4 1.349014 -0.5916526 298.9459 179.9853 180.0092
3.42 1.345711 -0.5938807 299.4066 179.9855 180.009
3.44 1.3404 -0.5980158 299.8584 179.9856 180.0089
3.46 1.333182 -0.6039648 300.3009 179.9857 180.0087
3.48 1.324193 -0.6116004 300.7338 179.9859 180.0085
3.5 1.313605 -0.6207604 301.1567 179.986 180.0084
3.52 1.301621 -0.6312504 301.569 179.9861 180.0083
3.54 1.288472 -0.642849 301.9702 179.9862 180.0081
3.56 1.274416 -0.6553111 302.3595 179.9863 180.008
3.58 1.259729 -0.6683712 302.736 179.9864 180.0079
3.6 1.244702 -0.6817508 303.0989 179.9865 180.0078
3.62 1.229637 -0.695163 303.4472 179.9866 180.0077
3.64 1.214836 -0.7083187 303.7799 179.9866 180.0076
3.66 1.200598 -0.7209344 304.0958 179.9867 180.0075
3.68 1.187212 -0.7327356 304.394 179.9868 180.0074
3.7 1.174949 -0.7434659 304.6733 179.9868 180.0073
3.72 1.164059 -0.7528911 304.933 179.9869 180.0073
3.74 1.154764 -0.7608035 305.1719 179.987 180.0072
3.76 1.147252 -0.7670274 305.3893 179.987 180.0071
3.78 1.141677 -0.7714224 305.5846 179.987 180.0071
3.8 1.138151 -0.7738864 305.7574 179.9871 180.007
3.82 1.136746 -0.7743573 305.9071 179.9871 180.007
3.84 1.137489 -0.7728124 306.0339 179.9871 180.0069
3.86 1.140365 -0.7692733 306.1376 179.9872 180.0069
3.88 1.145301 -0.7638144 306.2187 179.9872 180.0069
3.9 1.152167 -0.7565672 306.2775 179.9872 180.0069
3.92 1.160781 -0.7477107 306.3148 179.9872 180.0069
3.94 1.170917 -0.737468 306.3311 179.9872 180.0069
3.96 1.182317 -0.7260919 306.3275 179.9872 180.0068
3.98 1.194699 -0.7138569 306.305 179.9872 180.0068
4 1.207769 -0.7010503 306.2645 179.9872 180.0068
4.02 1.221231 -0.6879587 306.2072 179.9872 180.0069
4.04 1.234796 -0.6748643 306.1343 179.9872 180.0069
4.06 1.248186 -0.6620336 306.0467 179.9871 180.0069
4.08 1.261145 -0.6497159 305.9456 179.9871 180.0069
4.1 1.273436 -0.6381373 305.832 179.9871 180.0069
4.12 1.28485 -0.6275001 305.7068 179.9871 180.0069
4.14 1.295203 -0.61798 305.5709 179.987 180.007
4.16 1.304338 -0.6097279 305.425 179.987 180.007
4.18 1.312121 -0.602869 305.2698 179.987 180.007
4.2 1.318447 -0.5975053 305.1059 179.987 180.007
4.22 1.323231 -0.5937152 304.9337 179.9869 180.0071
4.24 1.326411 -0.5915556 304.7536 179.9869 180.0071
4.26 1.327947 -0.5910623 304.5659 179.9868 180.0072
4.28 1.327821 -0.5922513 304.3708 179.9868 180.0072
4.3 1.326031 -0.5951204 304.1684 179.9868 180.0073
4.32 1.322604 -0.5996397 303.9587 179.9867 180.0073
4.34 1.317597 -0.6057501 303.7416 179.9867 180.0074
4.36 1.311097 -0.6133633 303.517 179.9866 180.0074
4.38 1.303219 -0.6223614 303.2847 179.9866 180.0075
4.4 1.294105 -0.6326005 303.0444 179.9865 180.0075
4.42 1.283923 -0.6439123 302.7956 179.9864 180.0076
4.44 1.27286 -0.6561055 302.5381 179.9864 180.0076
4.46 1.261123 -0.6689739 302.2712 179.9863 180.0077
4.48 1.248932 -0.6822929 301.9945 179.9863 180.0078
4.5 1.236517 -0.6958299 301.7076 179.9862 180.0079
4.52 1.224114 -0.7093463 301.4097 179.9861 180.0079
4.54 1.211959 -0.7226014 301.1005 179.986 180.008
4.56 1.200284 -0.7353611 300.7794 179.9859 180.0081
4.58 1.18931 -0.747396 300.4459 179.9859 180.0082
4.6 1.179244 -0.7584939 300.0996 179.9858 180.0083
4.62 1.170278 -0.7684567 299.7403 179.9857 180.0084
4.64 1.162576 -0.7771106 299.3676 179.9855 180.0086
4.66 1.156282 -0.7843056 298.9816 179.9854 180.0087
4.68 1.151507 -0.7899194 298.5821 179.9853 180.0088
4.7 1.148334 -0.7938604 298.1694 179.9852 180.009
4.72 1.146811 -0.7960691 297.7437 179.985 180.0091
4.74 1.146957 -0.7965178 297.3052 179.9849 180.0093
4.76 1.148754 -0.7952137 296.8547 179.9847 180.0094
4.78 1.152146 -0.792202 296.3925 179.9845 180.0096
4.8 1.157037 -0.787569 295.9195 179.9844 180.0098
4.82 1.163293 -0.7814398 295.4364 179.9842 180.01
4.84 1.170747 -0.7739735 294.9441 179.984 180.0102
4.86 1.179206 -0.7653537 294.4433 179.9837 180.0105
4.88 1.188462 -0.7557831 293.935 179.9835 180.0107
4.9 1.198292 -0.7454786 293.4201 179.9833 180.011
4.92 1.20847 -0.7346609 292.8995 179.983 180.0112
4.94 1.218771 -0.7235508 292.3739 179.9827 180.0115
4.96 1.22898 -0.7123625 291.8443 179.9825 180.0118
4.98 1.238889 -0.7012992 291.3113 179.9821 180.0121
5 1.248309 -0.6905503 290.7756 179.9818 180.0125
