0 5.295913 3.03125 0 0 0
0.02 5.291989 3.027326 0 0 0
0.04 5.284142 3.019478 0 0 0
0.06 5.272369 3.007706 0 0 0
0.08 5.256673 2.99201 0 0 0
0.09999999 5.237053 2.97239 0 0 0
0.12 5.21351 2.948846 0 0 0
0.14 5.186041 2.921378 0 0 0
0.16 5.154649 2.889986 0 0 0
0.18 5.119333 2.85467 0 0 0
0.2 5.080093 2.81543 0 0 0
0.22 5.03693 2.772266 0 0 0
0.24 4.989841 2.725178 0 0 0
0.26 4.938829 2.674166 0 0 0
0.28 4.883893 2.61923 0 0 0
0.3 4.825034 2.56037 0 0 0
0.32 4.762249 2.497586 0 0 0
0.34 4.695541 2.430878 0 0 0
0.36 4.624909 2.360246 0 0 0
0.38 4.550354 2.28569 0 0 0
0.4 4.471874 2.207211 0 0 0
0.42 4.38947 2.124806 0 0 0
0.44 4.303142 2.038478 0 0 0
0.46 4.21289 1.948226 0 0 0
0.48 4.118714 1.854051 0 0 0
0.5 4.020614 1.75595 0 0 0
0.52 3.91859 1.653926 0 0 0
0.54 3.812642 1.547978 0 0 0
0.56 3.70277 1.438107 0 0 0
0.58 3.588974 1.324311 0 0 0
0.6 3.471254 1.206591 0 0 0
0.62 3.34961 1.084947 0 0 0
0.64 3.224042 0.9593787 0 0 0
0.66 3.09455 0.8298869 0 0 0
0.68 2.961134 0.6964707 0 0 0
0.7 2.823794 0.5591307 0 0 0
0.72 2.68253 0.4178667 0 0 0
0.74 2.537342 0.2726789 0 0 0
0.76 2.38823 0.1235671 0 0 0
0.78 2.235194 -0.02946901 0 0 0
0.8 2.078234 -0.186429 0 0 0
0.82 1.94294 -0.3209505 359.9598 9.551781E-08 -8.908055E-07
0.84 1.824188 -0.4371691 359.8284 4.117944E-07 -3.804874E-06
0.86 1.71914 -0.5367737 359.548 1.106242E-06 -1.002388E-05
0.88 1.626091 -0.6202295 359.0606 2.378809E-06 -2.084954E-05
0.9 1.543931 -0.68733 358.3115 4.494834E-06 -3.75191E-05
0.92 1.471849 -0.7374752 357.2526 7.819149E-06 -6.115286E-05
0.94 1.40917 -0.7712212 355.845 1.284691E-05 -9.272145E-05
0.96 1.355256 -0.7921119 354.0605 2.023411E-05 -0.0001330285
0.98 1.30944 -0.7948346 351.884 3.08112E-05 -0.0001827079
1 1.270986 -0.778532 349.3155 4.558538E-05 -0.0002422311
1.02 1.239058 -0.7426338 346.3712 6.572091E-05 -0.0003119214
1.04 1.212699 -0.6871183 343.0849 9.250501E-05 -0.0003919747
1.06 1.190834 -0.6127532 339.5071 0.0001272923 -0.000482484
1.08 1.172278 -0.5212967 335.7033 0.0001714432 -0.0005834701
1.1 1.155783 -0.4155226 331.749 0.0002262638 -0.000694923
1.12 1.140096 -0.2990594 327.7235 0.0002929658 -0.0008168615
1.14 1.124037 -0.2579234 323.7025 0.0003726682 -0.000949421
1.16 1.106573 -0.3218369 319.7513 0.0004664557 -0.001092971
1.18 1.086885 -0.3800876 315.9193 0.0005755101 -0.001248265
1.2 1.064402 -0.4334359 312.2387 0.0007013109 -0.00141663
1.22 1.038808 -0.4827368 308.7244 0.000845913 -0.0016002
1.24 1.010015 -0.5287912 305.3765 0.001012309 -0.001802225
1.26 0.9781277 -0.5722461 302.1846 0.001204915 -0.002027493
1.28 0.9433331 -0.6279178 299.1346 0.001429951 -0.002282601
1.3 0.9059906 -0.6987307 296.2189 0.001688536 -0.00256788
1.32 0.8668492 -0.7658758 293.4434 0.001979514 -0.002881311
1.34 0.8270043 -0.8286211 290.8258 0.002298298 -0.00321749
1.36 0.7878205 -0.8859787 288.395 0.002634782 -0.00356561
1.38 0.7508265 -0.9368691 286.1873 0.002969308 -0.003905409
1.4 0.717593 -0.9802651 284.2433 0.003268678 -0.004203257
1.42 0.6896091 -1.015301 282.6039 0.003482429 -0.004408416
1.44 0.6681725 -1.041333 281.3053 0.00354488 -0.004455121
1.46 0.654302 -1.057951 280.3767 0.003388957 -0.004276382
1.48 0.6486779 -1.064966 279.8369 0.002975061 -0.003832854
1.5 0.65161 -1.062379 279.6927 0.00232287 -0.003144628
1.52 0.663013 -1.05038 279.9389 0.001517442 -0.002297304
1.54 0.6822129 -1.029543 280.5564 0.0006812119 -0.00141425
1.56 0.7079718 -1.000872 281.5086 -7.842148E-05 -0.0006041262
1.58 0.7386576 -0.9656982 282.7456 -0.0007030283 7.328585E-05
1.6 0.7724555 -0.925561 284.2097 -0.001180715 0.0006047657
1.62 0.8075712 -0.8820724 285.8419 -0.001527154 0.001004788
1.64 0.8423906 -0.8367867 287.5865 -0.00176864 0.001298687
1.66 0.8755764 -0.7911038 289.3958 -0.001931287 0.001511869
1.68 0.9061059 -0.7462006 291.2309 -0.002037202 0.001666017
1.7 0.9332606 -0.7030039 293.0631 -0.002103727 0.001778315
1.72 0.9565878 -0.66219 294.8727 -0.002143661 0.001861611
1.74 0.9758469 -0.6242089 296.6479 -0.002166417 0.00192555
1.76 0.9909544 -0.589323 298.3825 -0.002178865 0.001977368
1.78 1.001933 -0.5576479 300.0751 -0.002185878 0.002022387
1.8 1.008868 -0.5427709 301.7271 -0.002190464 0.002064015
1.82 1.01183 -0.5349097 303.3402 -0.002193106 0.00210279
1.84 1.01086 -0.5299101 304.9163 -0.002194169 0.002139129
1.86 1.005967 -0.5278397 306.457 -0.002193941 0.002173368
1.88 0.9971933 -0.5287385 307.9624 -0.002192701 0.002205812
1.9 0.9846938 -0.5325668 309.4269 -0.002190875 0.002236863
1.92 0.968739 -0.5392261 310.8383 -0.002189057 0.002267022
1.94 0.9497135 -0.5485787 312.1785 -0.002187995 0.002296899
1.96 0.9281026 -0.5604701 313.4233 -0.002188581 0.002327198
1.98 0.9044692 -0.5747538 314.5438 -0.002191823 0.002358712
2 0.8794216 -0.5913036 315.5079 -0.00219884 0.002392327
2.02 0.8535783 -0.6100261 316.2816 -0.002210827 0.002429005
2.04 0.8275283 -0.6308537 316.8315 -0.002229066 0.002469811
2.06 0.801795 -0.6537349 317.1259 -0.002254933 0.002515927
2.08 0.776823 -0.6785922 317.1377 -0.002288059 0.002565976
2.1 0.7529858 -0.7052593 316.8457 -0.002327623 0.002617935
2.12 0.7305772 -0.7334309 316.2386 -0.002372224 0.002669118
2.14 0.7098089 -0.762615 315.319 -0.002419775 0.002716312
2.16 0.6908181 -0.7921419 314.104 -0.002467295 0.002755634
2.18 0.673684 -0.8212037 312.6249 -0.002510641 0.002782321
2.2 0.6584493 -0.8489141 310.9251 -0.002544458 0.002790754
2.22 0.6451475 -0.8743927 309.0577 -0.002561894 0.002774142
2.24 0.6338273 -0.8968382 307.082 -0.002554533 0.002724429
2.26 0.6245748 -0.9155946 305.0596 -0.002512683 0.002632598
2.28 0.6175248 -0.9301844 303.0507 -0.002425764 0.002489001
2.3 0.6128613 -0.9403238 301.1111 -0.002282842 0.002283792
2.32 0.6108054 -0.9585493 299.2898 -0.002073942 0.002008234
2.34 0.611594 -0.9774792 297.6268 -0.001791712 0.001656328
2.36 0.6154485 -0.9899826 296.1529 -0.001433032 0.001226341
2.38 0.6225193 -0.9960923 294.8892 -0.001000694 0.0007224382
2.4 0.6328428 -0.9960463 293.847 -0.000504231 0.0001554478
2.42 0.6463189 -0.9902575 293.0292 3.98632E-05 -0.0004569237
2.44 0.6627049 -0.9792886 292.4305 0.0006097424 -0.001091762
2.46 0.6816214 -0.9638155 292.0391 0.001180621 -0.001723351
2.48 0.7025551 -0.9446058 291.8399 0.001728179 -0.00232662
2.5 0.7248923 -0.922482 291.8151 0.002231019 -0.00287956
2.52 0.7479671 -0.8982792 291.9459 0.002673094 -0.003365698
2.54 0.7711058 -0.8728158 292.2125 0.003043352 -0.003773581
2.56 0.7936639 -0.8468637 292.5945 0.003337191 -0.004098402
2.58 0.8150541 -0.8211286 293.0721 0.00355573 -0.004341281
2.6 0.8347638 -0.796227 293.6269 0.003704215 -0.004507633
2.62 0.8523625 -0.7726884 294.2426 0.003790392 -0.004605504
2.64 0.8675001 -0.7509491 294.9052 0.003823084 -0.004644097
2.66 0.8799011 -0.73136 295.6032 0.003811261 -0.004632832
2.68 0.8893538 -0.7142003 296.327 0.003763157 -0.004580385
2.7 0.895699 -0.6996827 297.0696 0.00368596 -0.004494371
2.72 0.8988167 -0.6879718 297.8253 0.003585854 -0.004381381
2.74 0.8986162 -0.6791923 298.5905 0.003467735 -0.004246641
2.76 0.8950263 -0.6734385 299.3622 0.003335342 -0.004094142
2.78 0.8880138 -0.6707582 300.1391 0.003191395 -0.003926761
2.8 0.8776007 -0.6760261 300.9205 0.003037794 -0.003746476
2.82 0.8638625 -0.6878307 301.7065 0.002875776 -0.003554512
2.84 0.8469572 -0.7024994 302.4962 0.002706209 -0.003351673
2.86 0.8271422 -0.7197843 303.2855 0.00252987 -0.003138663
2.88 0.8047804 -0.7393494 304.0677 0.002347521 -0.002916192
2.9 0.7803407 -0.760776 304.8325 0.002159955 -0.00268505
2.92 0.7543926 -0.7835753 305.5663 0.001967891 -0.002446007
2.94 0.7275923 -0.8072026 306.2525 0.001772094 -0.002199989
2.96 0.7006615 -0.8310766 306.8727 0.001573291 -0.001948001
2.98 0.6743599 -0.8546007 307.407 0.001372061 -0.001691011
3 0.6494529 -0.8771801 307.8361 0.001168963 -0.001430116
3.02 0.6266779 -0.8982422 308.1423 0.0009644006 -0.00116637
3.04 0.606711 -0.9172468 308.3111 0.0007585611 -0.0009006745
3.06 0.590139 -0.9336982 308.3321 0.0005517047 -0.0006341164
3.08 0.577435 -0.9471564 308.2002 0.000344028 -0.0003677379
3.1 0.5689428 -0.9572451 307.9165 0.0001363889 -0.0001034075
3.12 0.5648652 -0.9636548 307.4894 -6.990047E-05 0.000156547
3.14 0.5652626 -0.9661636 306.934 -0.0002733794 0.000409809
3.16 0.5700549 -0.9646513 306.271 -0.0004721669 0.0006537944
3.18 0.5789865 -0.9591627 305.5256 -0.0006638101 0.0008854931
3.2 0.5916177 -0.9499383 304.7252 -0.0008457229 0.001102026
3.22 0.6073664 -0.9373977 303.8972 -0.001014811 0.001300144
3.24 0.625558 -0.9220953 303.0679 -0.001167885 0.00147669
3.26 0.6454778 -0.9046772 302.2604 -0.0013017 0.001628566
3.28 0.6664186 -0.8858273 301.4938 -0.001413297 0.001753077
3.3 0.687717 -0.866219 300.7825 -0.001500104 0.001847969
3.32 0.7087801 -0.8500268 300.1364 -0.001560181 0.001911664
3.34 0.7290985 -0.8369131 299.561 -0.001592369 0.001943384
3.36 0.7482505 -0.8239257 299.0585 -0.001596206 0.001943037
3.38 0.7658979 -0.811466 298.6277 -0.001572129 0.001911439
3.4 0.7817787 -0.7998743 298.2658 -0.00152117 0.001849972
3.42 0.7956957 -0.7894351 297.9684 -0.001444906 0.001760534
3.44 0.8075052 -0.7803764 297.7306 -0.001345341 0.001645441
3.46 0.8171042 -0.7728748 297.5476 -0.001224813 0.001507329
3.48 0.824416 -0.7670681 297.4154 -0.001085677 0.001348823
3.5 0.829386 -0.7630532 297.3311 -0.0009303977 0.001172651
3.52 0.83198 -0.7608917 297.2929 -0.000761455 0.0009815446
3.54 0.8321828 -0.7606149 297.2994 -0.0005814387 0.0007783512
3.56 0.8299966 -0.7622213 297.3507 -0.0003929192 0.0005658915
3.58 0.8254511 -0.7656713 297.4472 -0.0001987676 0.0003473298
3.6 0.818616 -0.7708733 297.5905 -1.905055E-06 0.0001258898
3.62 0.8096001 -0.777683 297.7825 0.0001948022 -9.526194E-05
3.64 0.7985498 -0.785907 298.0264 0.000388292 -0.0003127212
3.66 0.7856466 -0.7953036 298.3255 0.0005752785 -0.0005228068
3.68 0.7711143 -0.8055861 298.6832 0.0007528753 -0.0007222767
3.7 0.755222 -0.8164256 299.102 0.0009179756 -0.0009076012
3.72 0.7382826 -0.8274608 299.5827 0.001067891 -0.001075692
3.74 0.7206521 -0.8383086 300.1242 0.001200468 -0.001224025
3.76 0.7027241 -0.8513441 300.7226 0.001313881 -0.001350395
3.78 0.6849225 -0.8676324 301.3709 0.001407112 -0.00145347
3.8 0.6676922 -0.883039 302.0591 0.001479826 -0.001532662
3.82 0.6514861 -0.897114 302.7737 0.001532367 -0.001588137
3.84 0.6367511 -0.9094417 303.4987 0.001565731 -0.00162081
3.86 0.6239115 -0.919657 304.2155 0.00158128 -0.00163204
3.88 0.6133531 -0.9274662 304.9045 0.001580683 -0.001623578
3.9 0.6054054 -0.9326544 305.5457 0.001565781 -0.001597446
3.92 0.600329 -0.9350965 306.1198 0.00153836 -0.001555668
3.94 0.5983016 -0.9347546 306.6097 0.001500175 -0.001500321
3.96 0.599409 -0.9316752 307.0008 0.001452663 -0.001433171
3.98 0.6036375 -0.9259832 307.2822 0.001397096 -0.00135586
4 0.6108444 -0.9179025 307.4471 0.001334456 -0.001269732
4.02 0.6207566 -0.9077456 307.4928 0.001265404 -0.001175778
4.04 0.6329895 -0.8958972 307.4209 0.001190415 -0.001074786
4.06 0.6470729 -0.8827858 307.237 0.001109889 -0.0009674719
4.08 0.6624817 -0.86886 306.9506 0.001024219 -0.0008545379
4.1 0.6786672 -0.8545642 306.5743 0.0009336721 -0.0007365015
4.12 0.6950873 -0.8403234 306.123 0.0008384868 -0.0006138026
4.14 0.7112311 -0.8265305 305.6124 0.0007389277 -0.000486869
4.16 0.7266365 -0.8135369 305.0585 0.0006353439 -0.0003561868
4.18 0.740903 -0.80165 304.4766 0.0005281249 -0.0002222435
4.2 0.7536969 -0.7911284 303.8804 0.0004178815 -8.575726E-05
4.22 0.7647527 -0.7821848 303.2823 0.0003052602 5.254971E-05
4.24 0.7738694 -0.7749839 302.6927 0.0001910697 0.0001917929
4.26 0.7809065 -0.7696502 302.1206 7.637007E-05 0.0003308137
4.28 0.7857773 -0.7662649 301.5732 -3.753708E-05 0.0004681939
4.3 0.7884424 -0.7648702 301.0568 -0.0001492647 0.0006024405
4.32 0.7889051 -0.7654762 300.5765 -0.0002571433 0.0007317521
4.34 0.7872058 -0.7715895 300.1373 -0.0003593339 0.0008541528
4.36 0.7834251 -0.7803159 299.7437 -0.0004537918 0.0009674503
4.38 0.7776927 -0.7903006 299.4006 -0.000538277 0.001069243
4.4 0.7701833 -0.8013337 299.1127 -0.0006105168 0.001157108
4.42 0.7611121 -0.8131604 298.8853 -0.0006681442 0.00122852
4.44 0.7507284 -0.8254852 298.7239 -0.000708875 0.001281044
4.46 0.7393097 -0.8379796 298.634 -0.0007306464 0.00131248
4.48 0.7271549 -0.8502889 298.621 -0.0007317202 0.001320963
4.5 0.7145758 -0.8620448 298.6899 -0.0007108641 0.001305152
4.52 0.7018905 -0.8728728 298.8446 -0.0006676036 0.001264493
4.54 0.6894146 -0.8824134 299.0872 -0.0006022033 0.001199188
4.56 0.6774537 -0.8903298 299.4176 -0.0005158729 0.001110432
4.58 0.6662968 -0.8963275 299.8331 -0.0004107094 0.001000357
4.6 0.6562097 -0.9001613 300.3281 -0.0002894166 0.0008717312
4.62 0.6474299 -0.9062586 300.8936 -0.0001554031 0.0007281117
4.64 0.6401622 -0.9120214 301.5179 -1.206741E-05 0.0005730448
4.66 0.6345756 -0.9157937 302.1863 0.0001372396 0.0004100592
4.68 0.6307996 -0.9174569 302.8821 0.0002893359 0.0002425645
4.7 0.6289225 -0.9169598 303.587 0.0004413788 7.366884E-05
4.72 0.6289895 -0.9143236 304.2819 0.0005911719 -9.41752E-05
4.74 0.6310009 -0.9096386 304.9477 0.0007369611 -0.000258926
4.76 0.6349033 -0.9030638 305.5665 0.0008775702 -0.0004191318
4.78 0.6405832 -0.8948324 306.122 0.001012124 -0.0005736047
4.8 0.6478705 -0.885232 306.6003 0.001140301 -0.0007217648
4.82 0.6565455 -0.8745921 306.9904 0.001261987 -0.0008632314
4.84 0.6663464 -0.8632641 307.2842 0.001377288 -0.000997868
4.86 0.6769806 -0.8516061 307.477 0.001486429 -0.001125676
4.88 0.688135 -0.8399673 307.5671 0.001589552 -0.001246551
4.9 0.6994879 -0.828675 307.5558 0.00168694 -0.001360592
4.92 0.7107193 -0.8180282 307.4469 0.001778625 -0.001467608
4.94 0.7215202 -0.8082879 307.2466 0.00186448 -0.00156726
4.96 0.7316012 -0.799675 306.9633 0.001944155 -0.001658967
4.98 0.7406991 -0.7923703 306.6071 0.002017255 -0.001742144
5 0.7485811 -0.7865171 306.1889 0.002083132 -0.00181594
