t com min rx ry rz
0 5.295913 3.03125 0 0 0
0.02 5.291989 3.027326 0 0 0
0.04 5.284142 3.019478 0 0 0
0.06 5.272369 3.007706 0 0 0
0.08 5.256673 2.99201 0 0 0
0.09999999 5.237053 2.97239 0 0 0
0.12 5.21351 2.948846 0 0 0
0.14 5.186041 2.921378 0 0 0
0.16 5.154649 2.889986 0 0 0
0.18 5.119333 2.85467 0 0 0
0.2 5.080093 2.81543 0 0 0
0.22 5.03693 2.772266 0 0 0
0.24 4.989841 2.725178 0 0 0
0.26 4.938829 2.674166 0 0 0
0.28 4.883893 2.61923 0 0 0
0.3 4.825034 2.56037 0 0 0
0.32 4.762249 2.497586 0 0 0
0.34 4.695541 2.430878 0 0 0
0.36 4.624909 2.360246 0 0 0
0.38 4.550354 2.28569 0 0 0
0.4 4.471874 2.207211 0 0 0
0.42 4.38947 2.124806 0 0 0
0.44 4.303142 2.038478 0 0 0
0.46 4.21289 1.948226 0 0 0
0.48 4.118714 1.854051 0 0 0
0.5 4.020614 1.75595 0 0 0
0.52 3.91859 1.653926 0 0 0
0.54 3.812642 1.547978 0 0 0
0.56 3.70277 1.438107 0 0 0
0.58 3.588974 1.324311 0 0 0
0.6 3.471254 1.206591 0 0 0
0.62 3.34961 1.084947 0 0 0
0.64 3.224042 0.9593787 0 0 0
0.66 3.09455 0.8298869 0 0 0
0.68 2.961134 0.6964707 0 0 0
0.7 2.823794 0.5591307 0 0 0
0.72 2.68253 0.4178667 0 0 0
0.74 2.537342 0.2726789 0 0 0
0.76 2.38823 0.1235671 0 0 0
0.78 2.235194 -0.02946901 0 0 0
0.8 2.078234 -0.18643 0 0 0
0.82 1.917713 -0.3467379 359.9889 -0.0003588898 -0.0001808933
0.84 1.754127 -0.5095024 359.9462 2.479913E-05 1.324755E-05
0.86 1.587583 -0.674783 359.8806 0.0008402521 -0.0006598451
0.88 1.41837 -0.8419073 359.7726 0.0001647444 -0.005660955
0.9 1.246712 -1.010528 359.6161 0.002014494 -0.003423388
0.92 1.072917 -1.180079 359.3989 0.004092606 0.0009047914
0.94 0.8975171 -1.34973 359.1074 0.001885166 0.0001769851
0.96 0.7214388 -1.518002 358.716 -0.001610386 -0.001060754
0.98 0.5460453 -1.683736 358.2389 0.004150174 0.00484133
1 0.3715412 -1.848644 357.7723 0.01529869 0.02392841
1.02 0.2000134 -2.009629 357.2678 0.0264164 0.03390786
1.04 0.03326201 -2.165248 356.7437 0.03244967 0.05713571
1.06 -0.1268315 -2.3122 356.1243 0.00672812 0.0375047
1.08 -0.2779322 -2.451749 355.4805 359.9834 0.004573325
1.1 -0.4205047 -2.582249 354.8235 359.9671 359.9475
1.12 -0.5535301 -2.702658 354.153 359.9631 359.8916
1.14 -0.6758575 -2.81253 353.5061 359.8895 359.8173
1.16 -0.7862833 -2.910317 352.8639 359.8379 359.7396
1.18 -0.8864802 -2.997854 352.2337 359.7925 359.7022
1.2 -0.9755787 -3.074529 351.627 359.7411 359.6767
1.22 -1.054813 -3.141412 351.0343 359.6564 359.7251
1.24 -1.124014 -3.197305 350.4074 359.5947 359.7824
1.26 -1.182528 -3.243464 349.8355 359.5706 359.8847
1.28 -1.230397 -3.279453 349.2946 359.5329 0.005193863
1.3 -1.269051 -3.306964 348.7952 359.446 0.1602242
1.32 -1.297533 -3.325167 348.3412 359.3096 0.3010633
1.34 -1.318459 -3.337169 347.9518 359.1736 0.4151455
1.36 -1.332251 -3.341218 347.5313 359.0129 0.5108739
1.38 -1.338016 -3.335936 347.0605 358.8657 0.6214002
1.4 -1.335893 -3.323087 346.6102 358.6623 0.7816373
1.42 -1.325558 -3.302949 346.2051 358.4815 0.9791817
1.44 -1.307439 -3.275954 345.844 358.323 1.196183
1.46 -1.281483 -3.240443 345.46 358.243 1.425449
1.48 -1.248809 -3.199676 345.1376 358.1723 1.594719
1.5 -1.211156 -3.154548 344.8428 358.1015 1.753378
1.52 -1.16823 -3.104842 344.5777 357.9677 1.898028
1.54 -1.119287 -3.048429 344.2866 357.8572 2.026706
1.56 -1.06691 -2.989349 344.0306 357.7616 2.198898
1.58 -1.009445 -2.927008 343.8473 357.622 2.351065
1.6 -0.9467954 -2.859426 343.6592 357.4921 2.437421
1.62 -0.8800373 -2.787283 343.4546 357.3718 2.53002
1.64 -0.8083964 -2.70806 343.1713 357.2305 2.699159
1.66 -0.7316586 -2.626286 342.9912 357.0536 2.904498
1.68 -0.6494975 -2.539707 342.837 356.9017 3.115334
1.7 -0.563683 -2.449193 342.6748 356.7601 3.340102
1.72 -0.473478 -2.353877 342.4958 356.6598 3.532165
1.74 -0.3801493 -2.254062 342.2675 356.5306 3.7389
1.76 -0.283394 -2.150434 342.0257 356.4204 3.935822
1.78 -0.1841697 -2.045376 341.8237 356.286 4.117968
1.8 -0.0830681 -1.939036 341.6411 356.176 4.256551
1.82 0.01983789 -1.831422 341.4791 356.0435 4.391802
1.84 0.1231844 -1.723122 341.306 355.924 4.500289
1.86 0.2267126 -1.614999 341.1456 355.8049 4.595777
1.88 0.3303443 -1.505967 340.9556 355.6784 4.685868
1.9 0.4331942 -1.396561 340.7241 355.5654 4.776906
1.92 0.5349737 -1.28728 340.4581 355.4554 4.85852
1.94 0.6355529 -1.178224 340.1596 355.3397 4.951637
1.96 0.7346151 -1.068684 339.7908 355.2206 5.046021
1.98 0.831251 -0.9601133 339.3736 355.1056 5.148733
2 0.9250399 -0.8530788 338.9146 354.9874 5.262145
2.02 1.015689 -0.7479739 338.4193 354.8661 5.391613
2.04 1.102952 -0.6453896 337.9 354.7453 5.532188
2.06 1.186694 -0.5454197 337.3553 354.6223 5.678093
2.08 1.266904 -0.4476531 336.7715 354.4941 5.828514
2.1 1.343449 -0.3523791 336.155 354.3607 5.984672
2.12 1.416256 -0.2627406 335.5219 354.2239 6.145145
2.14 1.485252 -0.1769969 334.8781 354.0837 6.309207
2.16 1.550367 -0.09477329 334.2293 353.9407 6.47596
2.18 1.611563 -0.01623964 333.5803 353.7949 6.645297
2.2 1.668836 0.05855918 332.9324 353.6462 6.817281
2.22 1.722184 0.1296239 332.2856 353.4947 6.991999
2.24 1.771609 0.1969495 331.6397 353.3401 7.169533
2.26 1.81711 0.2605336 330.995 353.1824 7.349975
2.28 1.858686 0.320374 330.3514 353.0216 7.533418
2.3 1.896339 0.3764663 329.7088 352.8575 7.719954
2.32 1.930067 0.4288075 329.0674 352.6901 7.909685
2.34 1.959872 0.4773955 328.4271 352.5191 8.102714
2.36 1.985753 0.5222263 327.7879 352.3447 8.299147
2.38 2.00771 0.5632968 327.1499 352.1665 8.499095
2.4 2.025742 0.6006045 326.5131 351.9846 8.702677
2.42 2.039851 0.6341467 325.8774 351.7987 8.91001
2.44 2.050035 0.6639204 325.243 351.6089 9.121222
2.46 2.056296 0.6899204 324.6097 351.4149 9.336442
2.48 2.058633 0.6878574 323.9778 351.2166 9.555802
2.5 2.057045 0.6786351 323.347 351.0138 9.779451
2.52 2.051534 0.6656799 322.7176 350.8065 10.00753
2.54 2.042099 0.6489942 322.0894 350.5945 10.2402
2.56 2.028739 0.6285772 321.4626 350.3776 10.47761
2.58 2.011456 0.6044307 320.8371 350.1557 10.71994
2.6 1.990249 0.5765536 320.213 349.9285 10.96735
2.62 1.965117 0.5449462 319.5902 349.696 11.22003
2.64 1.936062 0.5096102 318.9689 349.4579 11.47818
2.66 1.903083 0.4705439 318.3491 349.214 11.74199
2.68 1.866179 0.4277492 317.7307 348.9641 12.01166
2.7 1.825352 0.3812251 317.1138 348.708 12.28742
2.72 1.780601 0.3309731 316.4985 348.4455 12.56948
2.74 1.731925 0.2769923 315.8848 348.1763 12.8581
2.76 1.679326 0.2192831 315.2726 347.9003 13.15352
2.78 1.622802 0.1578455 314.6621 347.617 13.45599
2.8 1.562355 0.09267926 314.0533 347.3264 13.76581
2.82 1.497984 0.02378464 313.4463 347.028 14.08323
2.84 1.429689 -0.04883814 312.8409 346.7216 14.40858
2.86 1.357469 -0.1251884 312.2375 346.4068 14.74217
2.88 1.281455 -0.2051229 311.6373 346.0815 15.08658
2.9 1.201876 -0.2884078 311.0428 345.7498 15.43592
2.92 1.119013 -0.374768 310.4546 345.4145 15.78787
2.94 1.033063 -0.4640129 309.8771 345.0851 16.12732
2.96 0.9448882 -0.555279 309.3162 344.7695 16.44101
2.98 0.8543386 -0.6488364 308.7608 344.4931 16.7122
3 0.7628767 -0.7431068 308.2327 344.2512 16.9357
3.02 0.6710248 -0.8375807 307.7354 344.0529 17.10453
3.04 0.579694 -0.9314649 307.271 343.9611 17.16747
3.06 0.490414 -1.023099 306.8548 343.9451 17.15378
3.08 0.4024928 -1.113065 306.483 343.9182 17.1379
3.1 0.316909 -1.200781 306.1181 343.9794 17.03086
3.12 0.2333036 -1.286488 305.757 344.072 16.89697
3.14 0.1539771 -1.367657 305.4266 344.159 16.7848
3.16 0.07837549 -1.445053 305.0972 344.2477 16.6674
3.18 0.007391021 -1.517655 304.7943 344.3223 16.55029
3.2 -0.05925161 -1.585345 304.5563 344.2693 16.55645
3.22 -0.1193027 -1.646243 304.3539 344.1988 16.5742
3.24 -0.1745095 -1.702208 304.1714 344.1282 16.58459
3.26 -0.224472 -1.752887 303.9727 344.0016 16.64289
3.28 -0.268379 -1.797789 303.7634 344.0041 16.56955
3.3 -0.3063644 -1.836956 303.5146 344.0588 16.4666
3.32 -0.3389744 -1.870493 303.2518 343.9556 16.51186
3.34 -0.3650832 -1.897537 302.988 343.8803 16.53745
3.36 -0.3853302 -1.918424 302.7859 343.7872 16.58719
3.38 -0.3981244 -1.932024 302.5764 343.7653 16.5504
3.4 -0.4070628 -1.941709 302.3506 343.6728 16.56463
3.42 -0.4103921 -1.94525 302.1836 343.4059 16.75338
3.44 -0.4082778 -1.943558 302.013 343.2915 16.82661
3.46 -0.4010934 -1.936461 301.8853 343.0887 17.00064
3.48 -0.3875781 -1.92296 301.7737 342.8657 17.18301
3.5 -0.3691363 -1.904334 301.708 342.6162 17.38989
3.52 -0.3446486 -1.879842 301.6585 342.4065 17.55855
3.54 -0.315012 -1.851244 301.5801 342.324 17.59755
3.56 -0.2804107 -1.81791 301.4845 342.265 17.637
3.58 -0.2414103 -1.78039 301.3727 342.2 17.6732
3.6 -0.1984974 -1.738584 301.2859 342.0607 17.78973
3.62 -0.1518088 -1.692886 301.2087 341.9409 17.87533
3.64 -0.1027549 -1.644495 301.1532 341.7312 18.04356
3.66 -0.05045252 -1.593027 301.0856 341.5549 18.18227
3.68 0.003797323 -1.539076 301.0568 341.3121 18.37071
3.7 0.06055108 -1.482262 301.0551 341.0746 18.5555
3.72 0.119229 -1.423029 301.0892 340.7848 18.78905
3.74 0.1802424 -1.360498 301.1943 340.4645 19.05876
3.76 0.2422862 -1.296305 301.3453 340.1278 19.3568
3.78 0.3044954 -1.231934 301.4964 339.794 19.65051
3.8 0.3666142 -1.167054 301.6917 339.4857 19.91539
3.82 0.428389 -1.102168 301.9135 339.2334 20.11595
3.84 0.4908918 -1.036746 302.1684 338.9526 20.33738
3.86 0.5530087 -0.9780011 302.4435 338.7302 20.50646
3.88 0.6143875 -0.9210188 302.7343 338.5515 20.62934
3.9 0.6742075 -0.8658702 303.0554 338.3756 20.75693
3.92 0.7327714 -0.8104858 303.3952 338.2505 20.81506
3.94 0.7893706 -0.7560191 303.7467 338.1674 20.82661
3.96 0.844393 -0.7020125 304.0973 338.1299 20.79284
3.98 0.8972982 -0.6497815 304.4647 338.0935 20.7442
4 0.9476483 -0.6001525 304.8505 338.0516 20.69756
4.02 0.9953892 -0.5527565 305.2477 338.0157 20.63702
4.04 1.040301 -0.5076618 305.6552 337.9948 20.55727
4.06 1.082125 -0.4647098 306.0672 338.0025 20.44317
4.08 1.120758 -0.4246662 306.488 338.0121 20.32197
4.1 1.156012 -0.3880768 306.915 338.0135 20.20878
4.12 1.187878 -0.354419 307.3427 338.0255 20.08321
4.14 1.216201 -0.3239279 307.7745 338.0445 19.94845
4.16 1.240815 -0.2967153 308.2054 338.0721 19.8033
4.18 1.2618 -0.2730153 308.6402 338.097 19.65962
4.2 1.279086 -0.2526507 309.0745 338.1286 19.50847
4.22 1.29264 -0.235656 309.5095 338.1652 19.34998
4.24 1.302433 -0.222157 309.9448 338.2043 19.18807
4.26 1.308412 -0.2123392 310.3819 338.2414 19.02749
4.28 1.31055 -0.2062049 310.8195 338.2769 18.86749
4.3 1.308852 -0.2050135 311.2584 338.311 18.70763
4.32 1.303368 -0.2080574 311.6938 338.3517 18.54095
4.34 1.294042 -0.2147973 312.1303 338.391 18.3745
4.36 1.280928 -0.2251148 312.5674 338.4319 18.20543
4.38 1.264045 -0.2390633 313.0052 338.4718 18.03708
4.4 1.243426 -0.256618 313.4457 338.5095 17.86965
4.42 1.219105 -0.2776368 313.8899 338.5479 17.69831
4.44 1.191063 -0.3021665 314.337 338.5874 17.52459
4.46 1.159395 -0.330102 314.7864 338.6297 17.34817
4.48 1.124422 -0.3607941 315.2345 338.6881 17.15489
4.5 1.086195 -0.394558 315.6905 338.7444 16.96107
4.52 1.04464 -0.4311192 316.1469 338.8163 16.75187
4.54 1.000186 -0.4701796 316.6131 338.8953 16.53356
4.56 0.9530734 -0.5111732 317.0892 338.9933 16.29313
4.58 0.9036268 -0.5537012 317.5744 339.1076 16.02839
4.6 0.8518762 -0.5979283 318.0698 339.2305 15.74852
4.62 0.7986427 -0.642777 318.5611 339.3681 15.4427
4.64 0.7439862 -0.6881716 319.0375 339.5284 15.10987
4.66 0.6879854 -0.7343407 319.4892 339.7041 14.76139
4.68 0.6309353 -0.7813725 319.9025 339.8803 14.41024
4.7 0.5734653 -0.8330078 320.3117 340.0683 14.02986
4.72 0.5164369 -0.8867037 320.6841 340.2842 13.60822
4.74 0.4608254 -0.939115 321.0411 340.5135 13.17212
4.76 0.4058259 -0.9910207 321.3824 340.7414 12.73836
4.78 0.3521066 -1.04209 321.6811 340.9526 12.30069
4.8 0.3004288 -1.091712 321.9258 341.1705 11.85907
4.82 0.2506745 -1.139662 322.146 341.3874 11.41428
4.84 0.2034581 -1.185719 322.3091 341.5917 10.97034
4.86 0.1596796 -1.228448 322.4526 341.7287 10.57742
4.88 0.1189032 -1.268847 322.5399 341.9056 10.17599
4.9 0.08198687 -1.305962 322.5812 342.1228 9.748541
4.92 0.04820992 -1.340432 322.5781 342.3465 9.333348
4.94 0.01823044 -1.371443 322.5436 342.5503 8.928246
4.96 -0.009137571 -1.399754 322.5114 342.7345 8.54755
4.98 -0.03350034 -1.425511 322.4405 342.9375 8.161428
5 -0.05347541 -1.447082 322.3535 343.1535 7.749188
