t com min rx ry rz
0 5.295913 3.03125 0 0 0
0.02 5.291989 3.027326 0 0 0
0.04 5.284142 3.019478 0 0 0
0.06 5.272369 3.007706 0 0 0
0.08 5.256673 2.99201 0 0 0
0.09999999 5.237053 2.97239 0 0 0
0.12 5.21351 2.948846 0 0 0
0.14 5.186041 2.921378 0 0 0
0.16 5.154649 2.889986 0 0 0
0.18 5.119333 2.85467 0 0 0
0.2 5.080093 2.81543 0 0 0
0.22 5.03693 2.772266 0 0 0
0.24 4.989841 2.725178 0 0 0
0.26 4.938829 2.674166 0 0 0
0.28 4.883893 2.61923 0 0 0
0.3 4.825034 2.56037 0 0 0
0.32 4.762249 2.497586 0 0 0
0.34 4.695541 2.430878 0 0 0
0.36 4.624909 2.360246 0 0 0
0.38 4.550354 2.28569 0 0 0
0.4 4.471874 2.207211 0 0 0
0.42 4.38947 2.124806 0 0 0
0.44 4.303142 2.038478 0 0 0
0.46 4.21289 1.948226 0 0 0
0.48 4.118714 1.854051 0 0 0
0.5 4.020614 1.75595 0 0 0
0.52 3.91859 1.653926 0 0 0
0.54 3.812642 1.547978 0 0 0
0.56 3.70277 1.438107 0 0 0
0.58 3.588974 1.324311 0 0 0
0.6 3.471254 1.206591 0 0 0
0.62 3.34961 1.084947 0 0 0
0.64 3.224042 0.9593787 0 0 0
0.66 3.09455 0.8298869 0 0 0
0.68 2.961134 0.6964707 0 0 0
0.7 2.823794 0.5591307 0 0 0
0.72 2.68253 0.4178667 0 0 0
0.74 2.537342 0.2726789 0 0 0
0.76 2.38823 0.1235671 0 0 0
0.78 2.235194 -0.02946901 0 0 0
0.8 2.078234 -0.186429 0 0 0
0.82 1.943328 -0.3201478 359.9382 1.415032E-07 -1.301529E-06
0.84 1.825028 -0.435185 359.7692 5.352246E-07 -4.863648E-06
0.86 1.720097 -0.5338604 359.4479 1.308396E-06 -1.162686E-05
0.88 1.626428 -0.6173575 358.9331 2.614601E-06 -2.244615E-05
0.9 1.54254 -0.6862135 358.1886 4.664918E-06 -3.821146E-05
0.92 1.467315 -0.7405553 357.1837 7.718726E-06 -5.954461E-05
0.94 1.399855 -0.7814121 355.8939 1.213739E-05 -8.712507E-05
0.96 1.3394 -0.8125312 354.3005 1.838578E-05 -0.0001215347
0.98 1.285279 -0.8293076 352.391 2.704638E-05 -0.0001632713
1 1.236871 -0.8310986 350.1594 3.882788E-05 -0.0002127682
1.02 1.193582 -0.8172276 347.6071 5.457295E-05 -0.0002704192
1.04 1.154867 -0.7870944 344.7444 7.533125E-05 -0.0003368392
1.06 1.120301 -0.7402978 341.5941 0.0001022504 -0.0004124604
1.08 1.089532 -0.6769004 338.1922 0.0001366185 -0.0004977694
1.1 1.062241 -0.5976505 334.5884 0.0001799323 -0.0005935032
1.12 1.038121 -0.5041609 330.845 0.0002336937 -0.0007002311
1.14 1.016881 -0.3989279 327.0346 0.0002995082 -0.0008187005
1.16 0.9982576 -0.3895521 323.2345 0.000378846 -0.0009494841
1.18 0.9820539 -0.4488578 319.5208 0.0004729409 -0.001092978
1.2 0.9681764 -0.4984159 315.9605 0.0005824718 -0.001249052
1.22 0.9567307 -0.5382874 312.608 0.0007041575 -0.001412463
1.24 0.9480364 -0.5687618 309.5005 0.0008336582 -0.001577608
1.26 0.9425831 -0.5902469 306.6553 0.0009658448 -0.001738699
1.28 0.94098 -0.603142 304.0699 0.001095435 -0.001890342
1.3 0.9437913 -0.6078291 301.7338 0.001216986 -0.002027271
1.32 0.9514259 -0.613667 299.6352 0.001324893 -0.002144206
1.34 0.9640575 -0.623477 297.7607 0.001413725 -0.002236147
1.36 0.9816082 -0.6244395 296.0955 0.00147901 -0.0022992
1.38 1.003757 -0.617527 294.6234 0.001516732 -0.0023299
1.4 1.029974 -0.6038394 293.3273 0.001524089 -0.002326037
1.42 1.059569 -0.5845504 292.19 0.001499694 -0.002286825
1.44 1.09175 -0.5608625 291.1939 0.001443736 -0.002213059
1.46 1.125686 -0.5339489 290.3224 0.001357439 -0.002106511
1.48 1.160558 -0.5049105 289.5594 0.001243876 -0.00197082
1.5 1.195601 -0.4747393 288.8903 0.001107102 -0.001810568
1.52 1.230138 -0.444298 288.3018 0.000951756 -0.001630855
1.54 1.263595 -0.41431 287.7825 0.0007821107 -0.001436311
1.56 1.295505 -0.3853583 287.3222 0.0006025718 -0.001231654
1.58 1.325504 -0.3579016 286.9126 0.0004160561 -0.001019973
1.6 1.353304 -0.3323011 286.5464 0.0002233417 -0.0008020668
1.62 1.378677 -0.308845 286.2176 2.485275E-05 -0.0005783598
1.64 1.401449 -0.287755 285.9208 -0.0001787978 -0.0003494812
1.66 1.42149 -0.2692001 285.6518 -0.0003870754 -0.0001159781
1.68 1.438706 -0.2533038 285.4069 -0.0005995015 0.0001216617
1.7 1.453033 -0.2401545 285.1833 -0.0008154745 0.0003628219
1.72 1.464428 -0.2298141 284.9789 -0.001034724 0.0006072348
1.74 1.472868 -0.2223196 284.7918 -0.001256815 0.0008544632
1.76 1.478343 -0.2176936 284.6209 -0.001481278 0.001104038
1.78 1.480852 -0.2159433 284.4655 -0.001707597 0.001355441
1.8 1.480404 -0.2170649 284.3253 -0.001935288 0.001608199
1.82 1.477018 -0.2210436 284.2002 -0.002163649 0.001861611
1.84 1.470742 -0.2278311 284.0907 -0.002391832 0.002114835
1.86 1.46167 -0.2373323 283.9978 -0.00261883 0.002366869
1.88 1.449938 -0.2494082 283.9228 -0.002843421 0.002616499
1.9 1.435724 -0.2638741 283.8673 -0.00306433 0.002862467
1.92 1.419249 -0.2805014 283.8338 -0.003279857 0.003103082
1.94 1.400768 -0.2990227 283.8248 -0.003488032 0.003336388
1.96 1.380573 -0.3191328 283.8436 -0.003686608 0.003560153
1.98 1.358984 -0.340493 283.8941 -0.003873275 0.003772086
2 1.336344 -0.3627396 283.9803 -0.004045248 0.003969401
2.02 1.313012 -0.3854861 284.1069 -0.004199625 0.004149196
2.04 1.289358 -0.4083319 284.2789 -0.004333535 0.004308599
2.06 1.265755 -0.4308662 284.5015 -0.004440138 0.004440555
2.08 1.242584 -0.4526608 284.7803 -0.004510144 0.004535399
2.1 1.220229 -0.4732823 285.1211 -0.004535538 0.004584731
2.12 1.199055 -0.4922967 285.5297 -0.00451031 0.004582158
2.14 1.179408 -0.5092864 286.0115 -0.004430965 0.004523824
2.16 1.161597 -0.5238576 286.572 -0.004296874 0.004408765
2.18 1.145885 -0.5356495 287.2155 -0.004110884 0.004239579
2.2 1.132483 -0.5443468 287.9457 -0.003877341 0.004020344
2.22 1.121541 -0.5496829 288.7654 -0.003603361 0.003758006
2.24 1.113144 -0.5514519 289.6759 -0.003297604 0.003461137
2.26 1.107312 -0.5495098 290.6772 -0.002969043 0.003138655
2.28 1.103996 -0.5437808 291.7682 -0.002627291 0.002800243
2.3 1.10308 -0.5342607 292.946 -0.002281481 0.002455191
2.32 1.104388 -0.5210168 294.2065 -0.001939283 0.002111354
2.34 1.107685 -0.5041919 295.5443 -0.001607158 0.001775442
2.36 1.112671 -0.4840119 296.9529 -0.001290187 0.001452836
2.38 1.119 -0.4607716 298.4252 -0.0009923751 0.001147927
2.4 1.126294 -0.4348226 299.9532 -0.0007162186 0.000863603
2.42 1.134165 -0.4179907 301.529 -0.0004624083 0.0006008341
2.44 1.14223 -0.4051709 303.1443 -0.000231083 0.0003600802
2.46 1.150125 -0.3911588 304.7918 -2.141162E-05 0.0001407481
2.48 1.157518 -0.3762522 306.4644 0.000168354 -5.882742E-05
2.5 1.164109 -0.3607335 308.156 0.0003402353 -0.0002406615
2.52 1.169621 -0.3448803 309.8606 0.0004961185 -0.0004066387
2.54 1.173805 -0.3289564 311.5733 0.000637826 -0.0005586121
2.56 1.176439 -0.3132122 313.2895 0.0007668852 -0.0006981038
2.58 1.177326 -0.2978802 315.0054 0.0008847454 -0.000826587
2.6 1.176314 -0.2831717 316.7164 0.0009926467 -0.0009453161
2.62 1.173349 -0.2692711 318.4122 0.001091859 -0.001055669
2.64 1.168488 -0.2563417 320.0775 0.001183772 -0.00115927
2.66 1.161891 -0.2445366 321.6923 0.001269759 -0.001257801
2.68 1.153808 -0.2340117 323.2337 0.001351292 -0.00135316
2.7 1.144562 -0.224926 324.6768 0.00142975 -0.001447163
2.72 1.134521 -0.2457285 325.9966 0.001506645 -0.001541909
2.74 1.124076 -0.2962952 327.1687 0.001583358 -0.001639321
2.76 1.11362 -0.3405881 328.171 0.001661337 -0.001741465
2.78 1.103522 -0.3778117 328.9841 0.001741916 -0.001850198
2.8 1.094114 -0.4073064 329.592 0.001826559 -0.00196755
2.82 1.085679 -0.4285595 329.9827 0.00191671 -0.002095426
2.84 1.078442 -0.4411864 330.1476 0.002013897 -0.002235725
2.86 1.072562 -0.4449275 330.0821 0.002119873 -0.002390568
2.88 1.068133 -0.4396467 329.7856 0.00223625 -0.002561623
2.9 1.065184 -0.4253976 329.2634 0.002364475 -0.002750195
2.92 1.063677 -0.4024625 328.5275 0.002505878 -0.002957199
2.94 1.063515 -0.371351 327.5964 0.002661733 -0.003183342
2.96 1.064544 -0.3328032 326.494 0.002833263 -0.003429204
2.98 1.066566 -0.2954147 325.2488 0.003021484 -0.003695054
3 1.069345 -0.3102138 323.8925 0.003226975 -0.003980562
3.02 1.072628 -0.3246772 322.4584 0.003450197 -0.00428543
3.04 1.076162 -0.3385255 320.9796 0.003691105 -0.004608811
3.06 1.079711 -0.3515589 319.4876 0.003949312 -0.004949628
3.08 1.083077 -0.3636539 318.0105 0.004223923 -0.00530634
3.1 1.086106 -0.3747542 316.5723 0.004513793 -0.005677324
3.12 1.0887 -0.3848557 315.192 0.004817448 359.9939
3.14 1.090813 -0.3939862 313.8837 0.005133235 359.9935
3.16 1.092456 -0.4021857 312.6566 0.005459588 359.9931
3.18 1.093685 -0.4094949 311.5155 0.005794912 359.9927
3.2 1.094597 -0.4159405 310.4613 0.006137931 359.9923
3.22 1.095307 -0.4215367 309.4933 0.006487451 359.9919
3.24 1.095922 -0.4262927 308.6108 0.006836909 359.9915
3.26 1.096548 -0.430212 307.8133 0.00717965 359.9911
3.28 1.097277 -0.4332957 307.1001 0.007508706 359.9907
3.3 1.098192 -0.4355474 306.4709 0.00781736 359.9903
3.32 1.099362 -0.4369745 305.925 0.008099052 359.99
3.34 1.100842 -0.4375894 305.4619 0.008348035 359.9897
3.36 1.102666 -0.4374139 305.0807 0.008559222 359.9895
3.38 1.104852 -0.4364777 304.7807 0.008728624 359.9893
3.4 1.107399 -0.4348192 304.561 0.008853731 359.9891
3.42 1.110287 -0.432488 304.4203 0.008933221 359.989
3.44 1.113479 -0.4295416 304.3576 0.008967203 359.989
3.46 1.116921 -0.4260445 304.3716 0.008957397 359.989
3.48 1.120545 -0.4220705 304.4608 0.008906662 359.9891
3.5 1.124271 -0.4176953 304.6236 0.008819105 359.9892
3.52 1.128009 -0.4130018 304.8582 0.00869994 359.9893
3.54 1.131661 -0.408071 305.1624 0.008555012 359.9895
3.56 1.135126 -0.4029865 305.5338 0.008390889 359.9897
3.58 1.1383 -0.3978286 305.9699 0.008214367 359.9899
3.6 1.141079 -0.392673 306.4681 0.008032208 359.9901
3.62 1.143364 -0.3875911 307.0259 0.007847309 359.9904
3.64 1.145054 -0.3826497 307.6407 0.007661156 359.9906
3.66 1.146055 -0.3779092 308.3099 0.007475101 359.9908
3.68 1.146278 -0.373425 309.031 0.007290344 359.991
3.7 1.145639 -0.3692446 309.8015 0.007107922 359.9913
3.72 1.144062 -0.365407 310.6191 0.006928721 359.9915
3.74 1.141482 -0.3619409 311.4818 0.006753363 359.9917
3.76 1.137849 -0.358861 312.3875 0.006582448 359.9919
3.78 1.133121 -0.3561676 313.3345 0.006416454 359.9921
3.8 1.127284 -0.3538468 314.3206 0.006255841 359.9923
3.82 1.120368 -0.3518603 315.3408 0.006101381 359.9925
3.84 1.112459 -0.3501549 316.3871 0.005954013 359.9927
3.86 1.103693 -0.3486676 317.4485 0.005814963 359.9929
3.88 1.09426 -0.3473358 318.5113 0.005685549 359.993
3.9 1.084394 -0.3461051 319.5589 0.005567113 359.9932
3.92 1.074364 -0.3449345 320.5734 0.005460911 359.9933
3.94 1.064462 -0.3438017 321.5354 0.0053681 359.9934
3.96 1.054993 -0.342706 322.4258 0.00528964 359.9935
3.98 1.046255 -0.3416641 323.2257 0.005226366 359.9936
4 1.038529 -0.3407071 323.918 0.005178824 359.9937
4.02 1.032065 -0.3398731 324.4879 0.00514756 359.9937
4.04 1.027074 -0.3392026 324.9228 0.005132968 359.9938
4.06 1.023716 -0.3387303 325.2137 0.005135379 359.9938
4.08 1.022099 -0.3384814 325.3544 0.0051551 359.9937
4.1 1.022274 -0.3384674 325.3423 0.005192636 359.9937
4.12 1.024231 -0.3386841 325.1782 0.005248296 359.9936
4.14 1.027896 -0.339112 324.8669 0.005322116 359.9935
4.16 1.03313 -0.3397138 324.4177 0.005414031 359.9934
4.18 1.039732 -0.340446 323.8437 0.005523765 359.9932
4.2 1.047456 -0.3412585 323.1614 0.00565089 359.9931
4.22 1.05602 -0.3421118 322.3899 0.005794641 359.9929
4.24 1.065126 -0.3429744 321.5495 0.005953986 359.9927
4.26 1.074469 -0.3438368 320.6613 0.006127739 359.9924
4.28 1.08376 -0.3447104 319.7457 0.006314326 359.9922
4.3 1.092729 -0.3456261 318.822 0.006512001 359.9919
4.32 1.101143 -0.3466349 317.907 0.006718999 359.9917
4.34 1.108804 -0.3477995 317.0155 0.006933365 359.9914
4.36 1.115559 -0.3491898 316.1593 0.00715318 359.9911
4.38 1.121295 -0.3508739 315.3474 0.007376697 359.9908
4.4 1.125941 -0.3529143 314.5865 0.007602217 359.9906
4.42 1.12946 -0.3553617 313.881 0.0078282 359.9903
4.44 1.131848 -0.3582525 313.2335 0.008053297 359.99
4.46 1.133126 -0.3616047 312.6452 0.008276331 359.9897
4.48 1.133338 -0.3654203 312.1165 0.008496369 359.9894
4.5 1.13254 -0.3696856 311.6471 0.008712438 359.9892
4.52 1.130797 -0.3743722 311.2375 0.008923504 359.9889
4.54 1.128185 -0.3794346 310.8882 0.009128591 359.9887
4.56 1.124787 -0.3848131 310.5999 0.009326587 359.9884
4.58 1.120693 -0.3904347 310.3735 0.009516466 359.9882
4.6 1.115999 -0.3962159 310.2102 0.009696939 359.9879
4.62 1.110805 -0.4020619 310.1114 0.009866985 359.9877
4.64 1.105211 -0.4078717 310.0785 0.01002549 359.9875
4.66 1.099318 -0.4135382 310.1131 0.01017153 359.9873
4.68 1.093221 -0.4189501 310.2169 0.01030387 359.9872
4.7 1.087012 -0.4239955 310.3914 0.01041851 359.987
4.72 1.080778 -0.4285631 310.6378 0.01051119 359.9868
4.74 1.074595 -0.4325445 310.9573 0.01057857 359.9868
4.76 1.068529 -0.4358361 311.3506 0.01061836 359.9867
4.78 1.062641 -0.4383378 311.8174 0.01062963 359.9866
4.8 1.056989 -0.4399576 312.3563 0.01061296 359.9866
4.82 1.051631 -0.440608 312.9642 0.0105706 359.9866
4.84 1.046627 -0.4402142 313.6361 0.01050599 359.9867
4.86 1.042039 -0.4387131 314.3651 0.01042422 359.9868
4.88 1.037937 -0.4360602 315.1423 0.01033121 359.9868
4.9 1.034394 -0.4322312 315.957 0.0102338 359.9869
4.92 1.03149 -0.4272275 316.7966 0.01013902 359.987
4.94 1.029308 -0.4210775 317.6472 0.01004981 359.9871
4.96 1.027931 -0.4138412 318.4942 0.009969141 359.9872
4.98 1.027439 -0.4056094 319.3222 0.009899754 359.9872
5 1.027902 -0.396502 320.116 0.009844158 359.9873
