t com min rx ry rz
0 5 4.116116 45 0 0
0.02 4.996076 4.112192 45 9.84819E-06 5.92749E-06
0.04 4.988228 4.104344 45 9.84819E-06 5.92749E-06
0.06 4.976456 4.092572 45 9.84819E-06 5.92749E-06
0.08 4.96076 4.076876 45 9.84819E-06 5.92749E-06
0.09999999 4.94114 4.057256 45 9.84819E-06 5.92749E-06
0.12 4.917596 4.033712 45 9.84819E-06 5.92749E-06
0.14 4.890128 4.006244 45 9.84819E-06 5.92749E-06
0.16 4.858736 3.974852 45 9.84819E-06 5.92749E-06
0.18 4.82342 3.939536 45 9.84819E-06 5.92749E-06
0.2 4.78418 3.900296 45 9.84819E-06 5.92749E-06
0.22 4.741016 3.857132 45 9.84819E-06 5.92749E-06
0.24 4.693928 3.810044 45 9.84819E-06 5.92749E-06
0.26 4.642916 3.759032 45 9.84819E-06 5.92749E-06
0.28 4.58798 3.704096 45 9.84819E-06 5.92749E-06
0.3 4.52912 3.645236 45 9.84819E-06 5.92749E-06
0.32 4.466336 3.582452 45 9.84819E-06 5.92749E-06
0.34 4.399628 3.515744 45 9.84819E-06 5.92749E-06
0.36 4.328996 3.445112 45 9.84819E-06 5.92749E-06
0.38 4.25444 3.370556 45 9.84819E-06 5.92749E-06
0.4 4.175961 3.292077 45 9.84819E-06 5.92749E-06
0.42 4.093556 3.209672 45 9.84819E-06 5.92749E-06
0.44 4.007228 3.123344 45 9.84819E-06 5.92749E-06
0.46 3.916976 3.033092 45 9.84819E-06 5.92749E-06
0.48 3.8228 2.938917 45 9.84819E-06 5.92749E-06
0.5 3.7247 2.840816 45 9.84819E-06 5.92749E-06
0.52 3.622676 2.738792 45 9.84819E-06 5.92749E-06
0.54 3.516728 2.632844 45 9.84819E-06 5.92749E-06
0.56 3.406857 2.522973 45 9.84819E-06 5.92749E-06
0.58 3.293061 2.409177 45 9.84819E-06 5.92749E-06
0.6 3.175341 2.291457 45 9.84819E-06 5.92749E-06
0.62 3.053697 2.169813 45 9.84819E-06 5.92749E-06
0.64 2.928129 2.044245 45 9.84819E-06 5.92749E-06
0.66 2.798637 1.914753 45 9.84819E-06 5.92749E-06
0.68 2.665221 1.781337 45 9.84819E-06 5.92749E-06
0.7 2.527881 1.643997 45 9.84819E-06 5.92749E-06
0.72 2.386617 1.502733 45 9.84819E-06 5.92749E-06
0.74 2.241429 1.357545 45 9.84819E-06 5.92749E-06
0.76 2.092317 1.208433 45 9.84819E-06 5.92749E-06
0.78 1.939281 1.055397 45 9.84819E-06 5.92749E-06
0.8 1.782321 0.8984373 45 9.84819E-06 5.92749E-06
0.82 1.621437 0.7375534 45 9.84819E-06 5.92749E-06
0.84 1.456629 0.5727453 45 9.84819E-06 5.92749E-06
0.86 1.287897 0.4040134 45 9.84819E-06 5.92749E-06
0.88 1.115241 0.2313576 45 9.84819E-06 5.92749E-06
0.9 0.9386615 0.05477762 45 9.84819E-06 5.92749E-06
0.92 0.7581575 -0.1257263 45 9.84819E-06 5.92749E-06
0.94 0.5737295 -0.3101543 45 9.84819E-06 5.92749E-06
0.96 0.3938228 -0.4857217 45.46562 359.9872 0.02099726
0.98 0.2213541 -0.647182 46.62009 359.9739 0.09708983
1 0.05875361 -0.7914474 48.46582 0.04268854 0.2470213
1.02 -0.09230417 -0.9174819 50.85411 0.1314391 0.2262997
1.04 -0.2294057 -1.025015 53.51519 0.1616753 0.2247719
1.06 -0.3502463 -1.114568 56.1768 0.06955328 359.9604
1.08 -0.4521681 -1.184334 58.77633 0.04986382 359.8185
1.1 -0.5379187 -1.243737 60.81899 359.8645 359.4498
1.12 -0.6063899 -1.295474 62.08306 0.2355993 359.5649
1.14 -0.6606808 -1.339356 62.85371 0.08736194 359.1486
1.16 -0.7012042 -1.369982 63.5806 0.164809 359.1312
1.18 -0.735024 -1.399656 63.88234 0.2640719 359.0726
1.2 -0.7591589 -1.420364 64.12649 0.01606343 358.6498
1.22 -0.7762055 -1.439786 63.95764 0.2854089 358.9569
1.24 -0.7881283 -1.455479 63.68505 0.3350698 359.158
1.26 -0.7921543 -1.4651 63.27823 0.5152591 359.5586
1.28 -0.7900506 -1.471073 62.68354 0.5773682 359.7493
1.3 -0.782341 -1.472589 61.99703 0.5332139 359.9893
1.32 -0.7682548 -1.463129 61.6493 0.7783201 0.3240309
1.34 -0.7516825 -1.449571 61.42251 0.7663779 0.155665
1.36 -0.7290448 -1.426995 61.41779 0.3966468 359.8218
1.38 -0.7020968 -1.400011 61.4207 0.8055577 359.9191
1.4 -0.6723167 -1.368562 61.54648 0.4488821 359.836
1.42 -0.6402758 -1.337029 61.50782 0.3163711 359.7038
1.44 -0.6058252 -1.304468 61.36494 0.4224407 359.6471
1.46 -0.5699784 -1.274945 60.88498 0.7328814 359.6447
1.48 -0.5296632 -1.236263 60.75988 0.4669735 359.5211
1.5 -0.4859402 -1.196338 60.4705 0.7599642 359.9588
1.52 -0.4372671 -1.147464 60.48401 1.059281 0.5724483
1.54 -0.385829 -1.095769 60.50217 0.9860681 0.7700576
1.56 -0.330359 -1.036006 60.82491 1.094833 1.252295
1.58 -0.2733168 -0.9734507 61.24112 0.9108464 1.450177
1.6 -0.2141767 -0.9083024 61.695 0.7157387 1.436033
1.62 -0.1531498 -0.8393087 62.2948 0.5207199 1.19908
1.64 -0.09224919 -0.7707438 62.86588 0.3796875 0.9750128
1.66 -0.03067721 -0.6996697 63.56536 0.449122 0.8174653
1.68 0.03178215 -0.6236005 64.55211 0.5962517 0.8903112
1.7 0.09395952 -0.5459154 65.65828 0.7426894 1.12392
1.72 0.1556922 -0.4644752 67.04216 0.7760614 1.194687
1.74 0.2170806 -0.3782521 68.75106 0.8647965 1.289095
1.76 0.2774911 -0.2876302 70.78337 0.9561934 1.339569
1.78 0.3359044 -0.1946868 73.04939 1.105241 1.469623
1.8 0.3909381 -0.103202 75.38457 1.265916 1.621085
1.82 0.442092 -0.01470733 77.72372 1.501111 1.845453
1.84 0.4893163 0.07057112 80.05972 1.843633 2.177154
1.86 0.5326166 0.1525834 82.39276 2.391811 2.714563
1.88 0.5719929 0.2312624 84.72221 3.417582 3.729602
1.9 0.6074452 0.3065423 87.04508 6.046357 6.347676
1.92 0.6389735 0.3783549 89.31615 26.7059 26.99656
1.94 0.6665778 0.3867536 88.2592 169.9767 170.2566
1.96 0.6902581 0.3704559 85.95199 175.7773 176.0466
1.98 0.7100145 0.3507991 83.63567 177.3644 177.623
2 0.7258468 0.3278455 81.31939 178.1071 178.3551
2.02 0.7377551 0.3016573 79.00464 178.5393 178.7765
2.04 0.7457394 0.2722942 76.69173 178.8231 179.0497
2.06 0.7497997 0.2398155 74.38098 179.0247 179.2404
2.08 0.749936 0.2042775 72.07241 179.1758 179.3808
2.1 0.7461483 0.1657357 69.76608 179.2939 179.4879
2.12 0.7384366 0.124244 67.46195 179.3891 179.5722
2.14 0.726801 0.07985365 65.1601 179.4677 179.6398
2.16 0.7112413 0.03261483 62.86054 179.5342 179.6952
2.18 0.6917576 -0.01742494 60.56322 179.5913 179.7411
2.2 0.6683499 -0.07022011 58.2682 179.6411 179.7796
2.22 0.6412321 -0.1250899 56.01058 179.6747 179.8062
2.24 0.6109458 -0.1805655 53.8723 179.7021 179.8486
2.26 0.5783138 -0.2348543 51.95438 179.7319 179.9165
2.28 0.5437936 -0.2874514 50.28801 179.7345 179.9364
2.3 0.5083625 -0.3367457 48.96391 179.7642 179.9673
2.32 0.4727825 -0.3819083 48.02246 179.7714 179.9517
2.34 0.4374219 -0.4231299 47.43517 179.7448 179.9319
2.36 0.4028851 -0.4596486 47.23434 179.6793 179.8641
2.38 0.3694526 -0.4914347 47.40129 179.665 179.9623
2.4 0.3371866 -0.5186421 47.90903 179.6676 180.1232
2.42 0.3063953 -0.5405788 48.7816 179.6612 180.2802
2.44 0.2774571 -0.5566446 50.01551 179.7234 180.5816
2.46 0.2505295 -0.5671092 51.54071 179.8098 180.9328
2.48 0.2261404 -0.5701107 53.44764 179.7866 181.2175
2.5 0.2036456 -0.5670701 55.62457 179.8557 181.6582
2.52 0.1831439 -0.5572255 58.09403 180.0106 182.1915
2.54 0.1652688 -0.5390257 60.89305 180.2953 182.7867
2.56 0.1496971 -0.5123345 64.01763 180.7148 183.453
2.58 0.1356065 -0.4796827 67.31398 181.1725 184.2286
2.6 0.1237738 -0.4383109 70.89433 182.0692 185.4061
2.62 0.1136838 -0.3894604 74.69185 183.4992 187.051
2.64 0.1052822 -0.33349 78.66815 185.9815 189.762
2.66 0.0986325 -0.2713563 82.71425 191.8286 195.8322
2.68 0.09402475 -0.2064691 86.46078 210.094 214.3413
2.7 0.09183831 -0.1743051 87.77437 290.432 294.8665
2.72 0.0914868 -0.2348381 85.13941 331.1286 335.6971
2.74 0.09267567 -0.2849081 82.28566 340.6187 345.3099
2.76 0.0961234 -0.3225483 79.87746 344.243 349.0647
2.78 0.1015875 -0.3475393 78.04606 346.121 350.9512
2.8 0.1085393 -0.3616987 76.75356 347.1411 351.9638
2.82 0.1163613 -0.3674607 75.9151 347.7876 352.6087
2.84 0.1250236 -0.3648972 75.53782 348.1171 352.9304
2.86 0.1340112 -0.356286 75.51908 348.2057 353.0862
2.88 0.143377 -0.3408841 75.90739 348.2596 353.215
2.9 0.1529068 -0.3192643 76.66285 347.857 352.9023
2.92 0.1622674 -0.2924584 77.74105 347.2041 352.32
2.94 0.17063 -0.262755 79.04366 346.2402 351.4343
2.96 0.1779806 -0.229924 80.57923 344.899 350.1613
2.98 0.1840082 -0.1947678 82.30323 342.6915 348.0499
3 0.1881216 -0.1591066 84.12627 338.9071 344.3436
3.02 0.1899065 -0.1237623 85.99225 331.3654 336.88
3.04 0.1893386 -0.09002233 87.69522 311.7281 317.3168
3.06 0.1866988 -0.06778514 88.41625 254.7978 260.4641
3.08 0.1821615 -0.1041551 87.3802 211.0974 216.8476
3.1 0.1759449 -0.1387187 85.93731 197.0133 202.8445
3.12 0.1685514 -0.1702556 84.60497 191.082 196.998
3.14 0.1601843 -0.1983579 83.4798 188.0478 194.0468
3.16 0.1512647 -0.2220305 82.61919 186.5374 192.6064
3.18 0.1420694 -0.2411195 82.03181 185.858 191.9834
3.2 0.1332615 -0.2538085 81.79723 185.6732 191.8672
3.22 0.1242694 -0.2625051 81.8112 185.7695 191.9997
3.24 0.1154384 -0.2666621 82.08331 186.209 192.4723
3.26 0.1073201 -0.2656735 82.62063 186.8987 193.1624
3.28 0.1002071 -0.2605059 83.34512 187.8279 194.1002
3.3 0.09366538 -0.2530087 84.15283 189.6216 195.9074
3.32 0.0883359 -0.2430744 85.01961 192.1557 198.4479
3.34 0.0846063 -0.2302903 85.94483 195.8167 202.0986
3.36 0.08263065 -0.2155198 86.82627 202.5188 208.7665
3.38 0.08223013 -0.1973298 87.70953 215.6476 221.8756
3.4 0.08296273 -0.178057 88.36613 240.8594 247.0449
3.42 0.08487488 -0.1710873 88.47993 277.0419 283.1821
3.44 0.08781168 -0.1823723 88.13512 302.5222 308.6289
3.46 0.09155091 -0.1908684 87.63943 316.326 322.3924
3.48 0.09652232 -0.1956427 87.1752 323.4658 329.511
3.5 0.1018134 -0.1976337 86.81402 327.6935 333.7181
3.52 0.107586 -0.1969432 86.55372 330.1465 336.151
3.54 0.1131498 -0.195466 86.34259 331.9689 337.947
3.56 0.1186297 -0.1922098 86.22748 332.9347 338.8924
3.58 0.123496 -0.187966 86.19523 333.1895 339.1495
3.6 0.1276678 -0.1818855 86.30382 332.792 338.7236
3.62 0.1311024 -0.1742762 86.53062 331.451 337.3147
3.64 0.1335828 -0.1657239 86.85315 329.0334 334.8323
3.66 0.1353735 -0.1565154 87.22632 324.9135 330.6506
3.68 0.1362072 -0.1478966 87.59972 319.3631 325.0368
3.7 0.1363335 -0.1390068 87.98511 310.8749 316.4738
3.72 0.1356414 -0.1305577 88.33212 298.5336 304.0658
3.74 0.1341269 -0.1236385 88.55125 282.6102 288.0724
3.76 0.1318998 -0.1186907 88.6337 263.019 268.4103
3.78 0.1289885 -0.1298462 88.52994 244.3384 249.6623
3.8 0.1257172 -0.1399344 88.35266 231.4973 236.7695
3.82 0.1222255 -0.1492512 88.14839 222.8043 228.0353
3.84 0.1185749 -0.1573817 87.96539 217.4665 222.6541
3.86 0.1153359 -0.163334 87.85561 214.4134 219.5718
3.88 0.1121907 -0.1679862 87.78982 212.9418 218.0694
3.9 0.1092169 -0.1711321 87.77508 213.0283 218.1392
3.92 0.1064491 -0.1730801 87.79975 214.1875 219.2924
3.94 0.1037735 -0.1745453 87.84723 215.5733 220.6674
3.96 0.1014658 -0.1751818 87.91034 217.5871 222.664
3.98 0.09960846 -0.1741557 88.03278 220.7711 225.8494
4 0.09814917 -0.1723486 88.15443 225.1093 230.1752
4.02 0.09716477 -0.1691716 88.27728 231.7882 236.8298
4.04 0.09659039 -0.1657541 88.38359 238.809 243.8203
4.06 0.09599115 -0.1622596 88.47556 246.7601 251.733
4.08 0.09645098 -0.1573696 88.56441 256.1207 261.047
4.1 0.09728704 -0.1526635 88.60802 265.1536 270.0564
4.12 0.09832423 -0.1553771 88.61224 274.0966 278.9637
4.14 0.09976097 -0.157348 88.59458 282.188 287.0311
4.16 0.1013887 -0.1579357 88.55193 287.0424 291.8414
4.18 0.1034047 -0.1578565 88.51906 291.2879 296.0346
4.2 0.1051981 -0.1576009 88.48561 294.4904 299.1751
4.22 0.1069858 -0.1566918 88.47056 296.4156 301.0438
4.24 0.1090436 -0.1556446 88.43002 298.0571 302.6494
4.26 0.1108293 -0.1536409 88.4176 297.2652 301.8317
4.28 0.1121317 -0.1514917 88.42966 295.4958 300.0315
4.3 0.1131543 -0.1493871 88.44066 293.1546 297.6637
4.32 0.1138565 -0.1477015 88.46647 291.3111 295.8006
4.34 0.1140832 -0.1460539 88.52369 288.8967 293.3672
4.36 0.1140675 -0.1449555 88.54814 286.5805 291.0527
4.38 0.1136466 -0.1434867 88.58266 282.4576 286.9444
4.4 0.1130953 -0.1429055 88.59528 279.8429 284.3478
4.42 0.1121755 -0.1421253 88.61634 275.9007 280.4333
4.44 0.1110076 -0.1410433 88.64882 270.5986 275.1573
4.46 0.1098402 -0.1401658 88.66558 265.2438 269.8184
4.48 0.1086474 -0.1435184 88.6897 259.7851 264.4018
4.5 0.1074103 -0.1470602 88.68404 253.969 258.6087
4.52 0.1061741 -0.1506678 88.69284 247.7155 252.3787
4.54 0.1051491 -0.1537318 88.67574 242.5459 247.2239
4.56 0.104128 -0.1558884 88.65797 239.7955 244.4917
4.58 0.1032412 -0.1580398 88.62884 236.9694 241.6812
4.6 0.1027634 -0.1591974 88.6337 234.9595 239.6989
4.62 0.1025182 -0.1599199 88.63485 233.5492 238.332
4.64 0.1023998 -0.1605174 88.63298 232.1799 237.0166
4.66 0.1024268 -0.1598015 88.66074 233.391 238.2616
4.68 0.1024648 -0.1591983 88.67662 234.5654 239.472
4.7 0.1021856 -0.1581532 88.7076 237.606 242.5363
4.72 0.1019246 -0.1561089 88.74134 243.4136 248.3782
4.74 0.1017095 -0.1534972 88.78036 250.7041 255.6814
4.76 0.1009085 -0.1517834 88.78808 257.5576 262.5348
4.78 0.1002919 -0.15048 88.80334 262.7527 267.7326
4.8 0.1000879 -0.1499913 88.81354 265.3704 270.3668
4.82 0.1003389 -0.1497697 88.8009 265.4382 270.447
4.84 0.1009688 -0.149765 88.79293 267.1254 272.1457
4.86 0.1014678 -0.1496705 88.79261 268.2227 273.2471
4.88 0.1018821 -0.149156 88.78727 267.9404 272.9615
4.9 0.1023078 -0.1489257 88.7818 268.4547 273.4774
4.92 0.1027141 -0.1481631 88.78036 267.5012 272.5138
4.94 0.103489 -0.1474149 88.75699 267.5482 272.5432
4.96 0.104172 -0.1458884 88.73282 265.3281 270.3141
4.98 0.1048786 -0.145817 88.72636 263.059 268.0475
5 0.1057519 -0.1453283 88.71976 262.0946 267.0689
