t com min rx ry rz
0.02 4.996076 4.112192 45 9.84819E-06 5.92749E-06
0.04 4.988228 4.104344 45 9.84819E-06 5.92749E-06
0.06 4.976456 4.092572 45 9.84819E-06 5.92749E-06
0.08 4.96076 4.076876 45 9.84819E-06 5.92749E-06
0.09999999 4.94114 4.057256 45 9.84819E-06 5.92749E-06
0.12 4.917596 4.033712 45 9.84819E-06 5.92749E-06
0.14 4.890128 4.006244 45 9.84819E-06 5.92749E-06
0.16 4.858736 3.974852 45 9.84819E-06 5.92749E-06
0.18 4.82342 3.939536 45 9.84819E-06 5.92749E-06
0.2 4.78418 3.900296 45 9.84819E-06 5.92749E-06
0.22 4.741016 3.857132 45 9.84819E-06 5.92749E-06
0.24 4.693928 3.810044 45 9.84819E-06 5.92749E-06
0.26 4.642916 3.759032 45 9.84819E-06 5.92749E-06
0.28 4.58798 3.704096 45 9.84819E-06 5.92749E-06
0.3 4.52912 3.645236 45 9.84819E-06 5.92749E-06
0.32 4.466336 3.582452 45 9.84819E-06 5.92749E-06
0.34 4.399628 3.515744 45 9.84819E-06 5.92749E-06
0.36 4.328996 3.445112 45 9.84819E-06 5.92749E-06
0.38 4.25444 3.370556 45 9.84819E-06 5.92749E-06
0.4 4.175961 3.292077 45 9.84819E-06 5.92749E-06
0.42 4.093556 3.209672 45 9.84819E-06 5.92749E-06
0.44 4.007228 3.123344 45 9.84819E-06 5.92749E-06
0.46 3.916976 3.033092 45 9.84819E-06 5.92749E-06
0.48 3.8228 2.938917 45 9.84819E-06 5.92749E-06
0.5 3.7247 2.840816 45 9.84819E-06 5.92749E-06
0.52 3.622676 2.738792 45 9.84819E-06 5.92749E-06
0.54 3.516728 2.632844 45 9.84819E-06 5.92749E-06
0.56 3.406857 2.522973 45 9.84819E-06 5.92749E-06
0.58 3.293061 2.409177 45 9.84819E-06 5.92749E-06
0.6 3.175341 2.291457 45 9.84819E-06 5.92749E-06
0.62 3.053697 2.169813 45 9.84819E-06 5.92749E-06
0.64 2.928129 2.044245 45 9.84819E-06 5.92749E-06
0.66 2.798637 1.914753 45 9.84819E-06 5.92749E-06
0.68 2.665221 1.781337 45 9.84819E-06 5.92749E-06
0.7 2.527881 1.643997 45 9.84819E-06 5.92749E-06
0.72 2.386617 1.502733 45 9.84819E-06 5.92749E-06
0.74 2.241429 1.357545 45 9.84819E-06 5.92749E-06
0.76 2.092317 1.208433 45 9.84819E-06 5.92749E-06
0.78 1.939281 1.055397 45 9.84819E-06 5.92749E-06
0.8 1.782321 0.8984373 45 9.84819E-06 5.92749E-06
0.82 1.621437 0.7375534 45 9.84819E-06 5.92749E-06
0.84 1.456629 0.5727453 45 9.84819E-06 5.92749E-06
0.86 1.287897 0.4040134 45 9.84819E-06 5.92749E-06
0.88 1.115241 0.2313576 45 9.84819E-06 5.92749E-06
0.9 0.9386615 0.05477762 45 9.84819E-06 5.92749E-06
0.92 0.7581575 -0.1257263 45 9.84819E-06 5.92749E-06
0.94 0.5737295 -0.3101543 45 9.84819E-06 5.92749E-06
0.96 0.4728066 -0.4084935 45.27798 9.892719E-06 5.975942E-06
0.98 0.3962659 -0.4793919 45.87756 1.094679E-05 8.341183E-06
1 0.3333987 -0.5335919 46.77935 1.979721E-06 4.577129E-06
1.02 0.2794394 -0.5761647 47.93159 2.070366E-06 4.657599E-06
1.04 0.2317965 -0.6100811 49.27634 6.940232E-06 6.940232E-06
1.06 0.1889612 -0.6372262 50.76083 -3.720722E-06 1.247925E-07
1.08 0.1500061 -0.6588418 52.34357 1.232781E-06 2.508461E-06
1.1 0.1143331 -0.6757634 53.99509 1.3186E-06 2.588172E-06
1.12 0.08154161 -0.6885582 55.69591 6.773128E-06 5.509512E-06
1.14 0.05135437 -0.6976148 57.43358 0 0
1.16 0.02357295 -0.7032064 59.20033 5.799183E-06 3.294417E-06
1.18 -0.001949668 -0.70553 60.99123 7.854956E-06 6.60779E-06
1.2 -0.02532655 -0.7047369 62.80309 1.275531E-05 7.786346E-06
1.22 -0.04664797 -0.7009501 64.63363 0 0
1.24 -0.06598864 -0.6942712 66.48119 0 0
1.26 -0.08341229 -0.6847938 68.34439 0 0
1.28 -0.09896957 -0.6726108 70.22127 5.804608E-06 8.255867E-06
1.3 -0.112631 -0.6579059 72.09873 -1.796578E-05 -1.307657E-05
1.32 -0.1242905 -0.6409113 73.95714 1.858317E-05 2.467991E-05
1.34 -0.133793 -0.6218336 75.77657 -3.71761E-05 -3.10922E-05
1.36 -0.140957 -0.6008198 77.54046 7.667173E-05 7.910092E-05
1.38 -0.1455911 -0.5779445 79.23678 -0.0001369938 -0.0001333555
1.4 -0.147505 -0.5532067 80.85836 0.0002518099 0.0002481761
1.42 -0.1465146 -0.5265374 82.40229 -0.0003195254 -0.0003183153
1.44 -0.1424585 -0.4978499 83.8679 0.0005097258 0.0005060984
1.46 -0.1352911 -0.4672091 85.25191 -0.0005993505 -0.0005957252
1.48 -0.1251096 -0.4348488 86.54918 0.0008433179 0.000840902
1.5 -0.1121502 -0.4011652 87.75311 -0.0007993333 -0.0008017486
1.52 -0.09676928 -0.3666916 88.85585 0.001328747 0.001331162
1.54 -0.07941567 -0.3320608 89.85065 -0.00228091 -0.002282117
1.56 -0.06059543 -0.3231928 89.27774 179.9992 179.9992
1.58 -0.04083643 -0.3164372 88.52859 179.9999 179.9999
1.6 -0.02065676 -0.3069381 87.91128 179.9998 179.9998
1.62 -0.0005402826 -0.2951325 87.42983 179.9999 179.9999
1.64 0.01907913 -0.2814437 87.08564 179.9998 179.9998
1.66 0.03782544 -0.2662716 86.8777 179.9998 179.9998
1.68 0.05538163 -0.2499876 86.80365 179.9998 179.9998
1.7 0.07148644 -0.2329301 86.85926 179.9998 179.9998
1.72 0.08592852 -0.2154182 87.03766 179.9999 179.9999
1.74 0.0985397 -0.1978506 87.3254 179.9998 179.9998
1.76 0.1091886 -0.1806986 87.70262 179.9998 179.9998
1.78 0.1177756 -0.1644638 88.14501 179.9998 179.9998
1.8 0.1242284 -0.1496342 88.62898 179.9996 179.9996
1.82 0.128499 -0.1366511 89.13069 179.9995 179.9995
1.84 0.1305615 -0.1258909 89.63043 179.9991 179.9991
1.86 0.1304096 -0.1215228 89.89347 4.825013E-06 0
1.88 0.128056 -0.1316757 89.44187 0.0009913562 0.0009913562
1.9 0.1235588 -0.1431788 89.03917 0.0004307072 0.0004331222
1.92 0.1170405 -0.1557463 88.69074 0.0003680192 0.0003716417
1.94 0.1086822 -0.1690644 88.40469 0.0001282707 0.0001318933
1.96 0.09871474 -0.1827926 88.18728 0.0002653494 0.0002689721
1.98 0.08740861 -0.1965737 88.04425 0.0001762676 0.0001774752
2 0.07506161 -0.2100465 87.97929 0.0001729843 0.0001693615
2.02 0.06198713 -0.2228599 87.99435 0.0002081626 0.0002057474
2.04 0.0485028 -0.2346878 88.09022 0.0003278087 0.000324186
2.06 0.03492048 -0.24528 88.26281 0.0003210097 0.0003161794
2.08 0.02153804 -0.2544871 88.5038 0.0004660168 0.0004587717
2.1 0.008632666 -0.2622536 88.80025 0.0005801787 0.0005729338
2.12 -0.003543893 -0.2686004 89.13588 0.0008858708 0.0008750038
2.14 -0.01476863 -0.2736019 89.49371 0.001643303 0.001633643
2.16 -0.0248491 -0.2773615 89.85598 0.005767715 0.005762885
2.18 -0.03362395 -0.2872514 89.79253 179.9964 179.9963
2.2 -0.04096241 -0.3002947 89.46478 179.9987 179.9987
2.22 -0.04676293 -0.3111668 89.17315 179.9992 179.9992
2.24 -0.05095141 -0.3196389 88.9268 179.9993 179.9993
2.26 -0.05347919 -0.3255458 88.7322 179.9993 179.9993
2.28 -0.05432127 -0.3287807 88.59417 179.9994 179.9994
2.3 -0.05347486 -0.3292883 88.51629 179.9994 179.9994
2.32 -0.05096219 -0.3270651 88.4995 179.9995 179.9995
2.34 -0.04685103 -0.3221775 88.54438 179.9995 179.9995
2.36 -0.04125565 -0.3147725 88.64867 179.9993 179.9993
2.38 -0.03433205 -0.3050932 88.80745 179.9993 179.9993
2.4 -0.02627128 -0.2934694 89.01265 179.9992 179.9992
2.42 -0.01729138 -0.2802984 89.25402 179.9989 179.9989
2.44 -0.007628401 -0.266023 89.51949 179.9986 179.9986
2.46 0.002472717 -0.2511069 89.79729 179.9963 179.9963
2.48 0.01276687 -0.238454 89.93439 9.653456E-06 0
2.5 0.02301653 -0.2327809 89.6678 0.001664967 0.001664967
2.52 0.03299808 -0.2269729 89.42802 0.001090282 0.00108666
2.54 0.04250649 -0.2210897 89.22016 0.00106627 0.00106144
2.56 0.05135847 -0.2151995 89.04942 0.0008034606 0.0007974233
2.58 0.05939405 -0.2093814 88.92226 0.0006451751 0.0006379302
2.6 0.06647704 -0.2037174 88.84005 0.0008385275 0.0008312826
2.62 0.07249458 -0.1982948 88.80581 0.0006975156 0.0006926857
2.64 0.07735623 -0.193201 88.81915 0.0007633584 0.0007597359
2.66 0.08099275 -0.1885256 88.87883 0.0007429032 0.0007380732
2.68 0.08335498 -0.1843708 88.98201 0.001022459 0.001016422
2.7 0.0844129 -0.1808555 89.12374 0.001267664 0.001258004
2.72 0.084155 -0.1781073 89.2964 0.001675594 0.001667142
2.74 0.08258834 -0.1762562 89.49255 0.002048483 0.002042446
2.76 0.07974988 -0.1754163 89.70525 0.003742035 0.003732375
2.78 0.07571113 -0.175671 89.92088 2.895803E-05 0
2.8 0.0705758 -0.1817766 89.86583 179.9902 179.9902
2.82 0.06447599 -0.1914104 89.66312 179.9957 179.9957
2.84 0.05756726 -0.2015199 89.47923 179.9976 179.9976
2.86 0.05002291 -0.2118168 89.32131 179.9982 179.9982
2.88 0.0420279 -0.2220197 89.194 179.9984 179.9984
2.9 0.03377272 -0.2318641 89.10256 179.9988 179.9988
2.92 0.02544775 -0.2411076 89.04942 179.9988 179.9988
2.94 0.01723812 -0.249536 89.03713 179.9989 179.9989
2.96 0.009319496 -0.2569686 89.06497 179.9989 179.9989
2.98 0.001854676 -0.2632636 89.13249 179.9988 179.9988
3 -0.005008965 -0.2683305 89.23562 179.9986 179.9986
3.02 -0.01114127 -0.2721287 89.36944 179.9987 179.9987
3.04 -0.01643045 -0.2746602 89.52895 179.9986 179.9985
3.06 -0.02078371 -0.2759646 89.70326 179.9981 179.9981
3.08 -0.02412755 -0.2761092 89.88635 1.208617E-05 0
3.1 -0.02640771 -0.2776344 89.93745 9.653427E-06 0
3.12 -0.02758903 -0.281894 89.7553 0.0014035 0.001399878
3.14 -0.02765515 -0.2847845 89.59074 0.0006792468 0.0006744171
3.16 -0.02660825 -0.2862022 89.44963 0.0008853695 0.0008745026
3.18 -0.02447424 -0.2860835 89.33441 0.0005234988 0.0005150467
3.2 -0.0213088 -0.2844147 89.24801 0.0003727334 0.0003630738
3.22 -0.0171953 -0.2812303 89.19449 9.010413E-05 8.165198E-05
3.24 -0.01224163 -0.2766085 89.17528 4.829789E-06 -4.829789E-06
3.26 -0.006576065 -0.2706688 89.1911 0.0001770845 0.00016501
3.28 -0.0003425814 -0.2635682 89.24101 4.829773E-06 -4.829773E-06
3.3 0.006304185 -0.2555027 89.32304 0.000618715 0.0006066407
3.32 0.01320397 -0.2467015 89.43248 0.0004918146 0.0004821552
3.34 0.02019573 -0.2374176 89.56389 0.0004807687 0.000469902
3.36 0.02712197 -0.2279179 89.71128 4.829702E-06 -4.829702E-06
3.38 0.03383255 -0.2184708 89.86877 -0.00104221 -0.001054284
3.4 0.04018775 -0.2102872 89.97202 7.246231E-06 0
3.42 0.04606061 -0.2071139 89.8187 180.0011 180.0011
3.44 0.05133867 -0.2043476 89.67435 180.0009 180.0008
3.46 0.05592495 -0.2019912 89.5463 179.9999 179.9998
3.48 0.05973855 -0.2000457 89.43942 180.0004 180.0004
3.5 0.06271479 -0.1985134 89.35593 180 180
3.52 0.06480511 -0.1973972 89.30031 180.0002 180.0002
3.54 0.06597684 -0.1967007 89.27288 180 180
3.56 0.06621293 -0.1964292 89.27449 180.0001 180.0001
3.58 0.0655117 -0.1965878 89.3062 180.0001 180.0001
3.6 0.06388912 -0.197184 89.3648 180.0004 180.0004
3.62 0.0613845 -0.1982245 89.44999 180.0006 180.0006
3.64 0.0580596 -0.1997131 89.55413 180.0011 180.0011
3.66 0.05399671 -0.2016486 89.67736 180.0004 180.0004
3.68 0.04929594 -0.2040246 89.81026 180.0007 180.0007
3.7 0.04407205 -0.2068268 89.94766 1.691146E-05 0
3.72 0.03845074 -0.2130658 89.91377 1.447804E-05 0
3.74 0.03256488 -0.2212583 89.78239 9.659399E-06 -9.659399E-06
3.76 0.02655058 -0.229378 89.66023 9.659347E-06 -9.659347E-06
3.78 0.02054358 -0.2372074 89.55545 0.0003197145 0.0003028105
3.8 0.01467583 -0.2445451 89.4714 0.0001398488 0.0001217373
3.82 0.009072634 -0.2512127 89.4105 0.0002429349 0.0002260308
3.84 0.003850172 -0.2570568 89.37443 0.0002295564 0.0002126524
3.86 -0.0008863956 -0.2619511 89.36604 0.0001180292 9.991773E-05
3.88 -0.005044427 -0.2657999 89.38325 0.0002326745 0.0002157705
3.9 -0.008544842 -0.2685381 89.42734 0.0004923565 0.0004730376
3.92 -0.01132284 -0.2701373 89.49526 0.0005569867 0.0005376678
3.94 -0.01332833 -0.2706031 89.58316 0.0003425163 0.0003207827
3.96 -0.01452621 -0.2699725 89.6891 0.000674926 0.0006543999
3.98 -0.01489646 -0.2683095 89.80416 0.001779598 0.001756658
4 -0.0144341 -0.2657009 89.93147 3.378632E-05 0
4.02 -0.01315018 -0.2640491 89.95576 4.107069E-05 0
4.04 -0.01107665 -0.2640668 89.82868 179.9936 179.9935
4.06 -0.008265981 -0.2631865 89.71954 179.9961 179.9961
4.08 -0.004789331 -0.2614034 89.62103 179.9967 179.9967
4.1 -0.0007340889 -0.2587391 89.54072 179.9969 179.9968
4.12 0.003799132 -0.2552435 89.48149 179.9973 179.9973
4.14 0.008699792 -0.2509899 89.44468 179.9977 179.9976
4.16 0.01385088 -0.2460733 89.43076 179.9977 179.9977
4.18 0.01913234 -0.240608 89.44152 179.998 179.998
4.2 0.02442431 -0.234723 89.47549 179.9977 179.9976
4.22 0.02961004 -0.2285639 89.53145 179.9974 179.9973
4.24 0.03457844 -0.2222879 89.60683 179.9963 179.9963
4.26 0.03922627 -0.2160589 89.6974 179.9959 179.9959
4.28 0.04345982 -0.2100439 89.80022 179.9942 179.9941
4.3 0.04719628 -0.2044047 89.91153 3.866835E-05 0
4.32 0.05036466 -0.1999765 90 3.86308E-05 0
4.34 0.05290648 -0.1993334 89.87489 0.009171386 0.009153276
4.36 0.05477614 -0.1992421 89.77186 0.00571699 0.005696464
4.38 0.05594109 -0.199666 89.68041 0.003884373 0.003862639
4.4 0.05638193 -0.2005656 89.6014 0.003482604 0.003463285
4.42 0.0560923 -0.2018978 89.54243 0.002575482 0.002557371
4.44 0.05507922 -0.2036187 89.5015 0.001949787 0.001932883
4.46 0.05336681 -0.2056802 89.48149 0.002408039 0.002391135
4.48 0.05099652 -0.2080284 89.48262 0.002280894 0.002262782
4.5 0.04802591 -0.2106068 89.50505 0.002523313 0.002506409
4.52 0.04452685 -0.2133602 89.54846 0.002916131 0.002895605
4.54 0.04058338 -0.2162368 89.60933 0.003368729 0.003353032
4.56 0.03628915 -0.2191904 89.68722 0.005075074 0.005054548
4.58 0.03174472 -0.2221797 89.77707 0.006774344 0.00675744
4.6 0.02705484 -0.2251689 89.87333 0.01358184 0.01356372
4.62 0.02232559 -0.2281257 89.98022 4.345726E-05 0
4.64 0.01766186 -0.2336543 89.92867 4.349569E-05 0
4.66 0.01316488 -0.2398383 89.82983 179.9892 179.9892
4.68 0.008930117 -0.2456106 89.73981 179.9939 179.9939
4.7 0.005045455 -0.2508223 89.6637 179.9947 179.9947
4.72 0.001589729 -0.2553428 89.60287 179.9958 179.9958
4.74 -0.001368473 -0.2590638 89.55853 179.9964 179.9964
4.76 -0.003771674 -0.2618997 89.53396 179.9966 179.9966
4.78 -0.005574151 -0.2637901 89.52937 179.9963 179.9963
4.8 -0.006742355 -0.2646993 89.54415 179.9965 179.9965
4.82 -0.007255158 -0.2646178 89.57896 179.9962 179.9962
4.84 -0.007103969 -0.2635649 89.62991 179.9961 179.9961
4.86 -0.006292829 -0.2615855 89.69804 179.9954 179.9954
4.88 -0.004841252 -0.2587529 89.77618 179.9935 179.9935
4.9 -0.00278496 -0.255165 89.86438 179.9904 179.9904
4.92 -0.0001747487 -0.2509401 89.96043 4.106794E-05 0
4.94 0.002925148 -0.2479369 89.94766 4.344834E-05 0
4.96 0.006439129 -0.2459927 89.86152 0.008946946 0.008925213
4.98 0.01028259 -0.2435962 89.77883 0.005611859 0.005590125
5 0.01436448 -0.2407806 89.70525 0.003998433 0.003975492
